\BOOKMARK [0][-]{chapter.1}{\376\377\173\054\116\000\172\340\000\040\000\040\137\025\212\000}{}% 1
\BOOKMARK [1][-]{section.1.1}{\376\377\0001\000.\0001\000\040\170\024\172\166\200\314\146\157}{chapter.1}% 2
\BOOKMARK [1][-]{section.1.2}{\376\377\0001\000.\0002\000\040\174\373\176\337\211\201\154\102}{chapter.1}% 3
\BOOKMARK [1][-]{section.1.3}{\376\377\0001\000.\0003\000\040\225\356\230\230\123\315\231\210}{chapter.1}% 4
\BOOKMARK [1][-]{section.1.4}{\376\377\0001\000.\0004\000\040\152\041\147\177\116\013\217\175}{chapter.1}% 5
\BOOKMARK [0][-]{chapter.2}{\376\377\173\054\116\214\172\340\000\040\000\040\000L\000a\000T\000e\000X\117\177\165\050\213\364\146\016}{}% 6
\BOOKMARK [1][-]{section.2.1}{\376\377\0002\000.\0001\000\040\121\110\213\325\213\325\145\110\147\234}{chapter.2}% 7
\BOOKMARK [1][-]{section.2.2}{\376\377\0002\000.\0002\000\040\145\207\150\143\166\356\137\125\173\200\116\313}{chapter.2}% 8
\BOOKMARK [2][-]{subsection.2.2.1}{2.2.1\040Thesis.tex}{section.2.2}% 9
\BOOKMARK [2][-]{subsection.2.2.2}{\376\377\0002\000.\0002\000.\0002\000\040\177\026\213\321\201\032\147\054}{section.2.2}% 10
\BOOKMARK [2][-]{subsection.2.2.3}{\376\377\0002\000.\0002\000.\0003\000\040\000T\000m\000p\145\207\116\366\131\071}{section.2.2}% 11
\BOOKMARK [2][-]{subsection.2.2.4}{\376\377\0002\000.\0002\000.\0004\000\040\000S\000t\000y\000l\000e\145\207\116\366\131\071}{section.2.2}% 12
\BOOKMARK [2][-]{subsection.2.2.5}{\376\377\0002\000.\0002\000.\0005\000\040\000T\000e\000x\145\207\116\366\131\071}{section.2.2}% 13
\BOOKMARK [2][-]{subsection.2.2.6}{\376\377\0002\000.\0002\000.\0006\000\040\000I\000m\000g\145\207\116\366\131\071}{section.2.2}% 14
\BOOKMARK [2][-]{subsection.2.2.7}{\376\377\0002\000.\0002\000.\0007\000\040\000B\000i\000b\000l\000i\000o\145\207\116\366\131\071}{section.2.2}% 15
\BOOKMARK [1][-]{section.2.3}{\376\377\0002\000.\0003\000\040\145\160\133\146\121\154\137\017\060\001\126\376\210\150\060\001\123\302\200\003\145\207\163\056\173\111\122\237\200\375}{chapter.2}% 16
\BOOKMARK [2][-]{subsection.2.3.1}{\376\377\0002\000.\0003\000.\0001\000\040\145\160\133\146\121\154\137\017}{section.2.3}% 17
\BOOKMARK [2][-]{subsection.2.3.2}{\376\377\0002\000.\0003\000.\0002\000\040\133\232\164\006\123\312\213\301\146\016}{section.2.3}% 18
\BOOKMARK [2][-]{subsection.2.3.3}{\376\377\0002\000.\0003\000.\0003\000\040\210\150\150\074}{section.2.3}% 19
\BOOKMARK [2][-]{subsection.2.3.4}{\376\377\0002\000.\0003\000.\0004\000\040\126\376\162\107\143\322\121\145}{section.2.3}% 20
\BOOKMARK [2][-]{subsection.2.3.5}{\376\377\0002\000.\0003\000.\0005\000\040\173\227\154\325}{section.2.3}% 21
\BOOKMARK [2][-]{subsection.2.3.6}{\376\377\0002\000.\0003\000.\0006\000\040\123\302\200\003\145\207\163\056\137\025\165\050}{section.2.3}% 22
\BOOKMARK [1][-]{section.2.4}{\376\377\0002\000.\0004\000\040\136\070\211\301\117\177\165\050\225\356\230\230}{chapter.2}% 23
\BOOKMARK [0][-]{section*.8}{\376\377\123\302\200\003\145\207\163\056}{}% 24
\BOOKMARK [0][-]{appendix*.10}{\376\377\201\364\214\042}{}% 25
