This is pdfTeX, Version 3.141592653-2.6-1.40.24 (TeX Live 2022) (preloaded format=latex 2022.4.26)  26 APR 2022 17:01
entering extended mode
 restricted \write18 enabled.
 %&-line parsing enabled.
**Chap_Intro.tex
(./Chap_Intro.tex
LaTeX2e <2021-11-15> patch level 1
L3 programming layer <2022-02-24>
! Undefined control sequence.
l.1 \chapter
            {å¼•è¨€}\label{chap:introduction}
The control sequence at the end of the top line
of your error message was never \def'ed. If you have
misspelled it (e.g., `\hobx'), type `I' and the correct
spelling (e.g., `I\hbox'). Otherwise just continue,
and I'll forget about whatever was undefined.


! LaTeX Error: Unicode character å¼• (U+5F15)
               not set up for use with LaTeX.

See the LaTeX manual or LaTeX Companion for explanation.
Type  H <return>  for immediate help.
 ...                                              
                                                  
l.1 \chapter{å¼•
                è¨€}\label{chap:introduction}
You may provide a definition with
\DeclareUnicodeCharacter 


! LaTeX Error: Unicode character è¨€ (U+8A00)
               not set up for use with LaTeX.

See the LaTeX manual or LaTeX Companion for explanation.
Type  H <return>  for immediate help.
 ...                                              
                                                  
l.1 \chapter{å¼•è¨€
                   }\label{chap:introduction}
You may provide a definition with
\DeclareUnicodeCharacter 

! Undefined control sequence.
l.3 \section
            {ç ”ç©¶èƒŒæ™¯}
The control sequence at the end of the top line
of your error message was never \def'ed. If you have
misspelled it (e.g., `\hobx'), type `I' and the correct
spelling (e.g., `I\hbox'). Otherwise just continue,
and I'll forget about whatever was undefined.


! LaTeX Error: Unicode character ç ” (U+7814)
               not set up for use with LaTeX.

See the LaTeX manual or LaTeX Companion for explanation.
Type  H <return>  for immediate help.
 ...                                              
                                                  
l.3 \section{ç ”
                ç©¶èƒŒæ™¯}
You may provide a definition with
\DeclareUnicodeCharacter 


! LaTeX Error: Unicode character ç©¶ (U+7A76)
               not set up for use with LaTeX.

See the LaTeX manual or LaTeX Companion for explanation.
Type  H <return>  for immediate help.
 ...                                              
                                                  
l.3 \section{ç ”ç©¶
                   èƒŒæ™¯}
You may provide a definition with
\DeclareUnicodeCharacter 


! LaTeX Error: Unicode character èƒŒ (U+80CC)
               not set up for use with LaTeX.

See the LaTeX manual or LaTeX Companion for explanation.
Type  H <return>  for immediate help.
 ...                                              
                                                  
l.3 \section{ç ”ç©¶èƒŒ
                      æ™¯}
You may provide a definition with
\DeclareUnicodeCharacter 


! LaTeX Error: Unicode character æ™¯ (U+666F)
               not set up for use with LaTeX.

See the LaTeX manual or LaTeX Companion for explanation.
Type  H <return>  for immediate help.
 ...                                              
                                                  
l.3 \section{ç ”ç©¶èƒŒæ™¯
                         }
You may provide a definition with
\DeclareUnicodeCharacter 


! LaTeX Error: Unicode character è¿™ (U+8FD9)
               not set up for use with LaTeX.

See the LaTeX manual or LaTeX Companion for explanation.
Type  H <return>  for immediate help.
 ...                                              
                                                  
l.4 è¿™
       æ˜¯ä¸€æ®µæµ‹è¯•æ–‡å­—
You may provide a definition with
\DeclareUnicodeCharacter 


! LaTeX Error: Unicode character æ˜¯ (U+662F)
               not set up for use with LaTeX.

See the LaTeX manual or LaTeX Companion for explanation.
Type  H <return>  for immediate help.
 ...                                              
                                                  
l.4 è¿™æ˜¯
          ä¸€æ®µæµ‹è¯•æ–‡å­—
You may provide a definition with
\DeclareUnicodeCharacter 


! LaTeX Error: Unicode character ä¸€ (U+4E00)
               not set up for use with LaTeX.

See the LaTeX manual or LaTeX Companion for explanation.
Type  H <return>  for immediate help.
 ...                                              
                                                  
l.4 è¿™æ˜¯ä¸€
             æ®µæµ‹è¯•æ–‡å­—
You may provide a definition with
\DeclareUnicodeCharacter 


! LaTeX Error: Unicode character æ®µ (U+6BB5)
               not set up for use with LaTeX.

See the LaTeX manual or LaTeX Companion for explanation.
Type  H <return>  for immediate help.
 ...                                              
                                                  
l.4 è¿™æ˜¯ä¸€æ®µ
                æµ‹è¯•æ–‡å­—
You may provide a definition with
\DeclareUnicodeCharacter 


! LaTeX Error: Unicode character æµ‹ (U+6D4B)
               not set up for use with LaTeX.

See the LaTeX manual or LaTeX Companion for explanation.
Type  H <return>  for immediate help.
 ...                                              
                                                  
l.4 è¿™æ˜¯ä¸€æ®µæµ‹
                   è¯•æ–‡å­—
You may provide a definition with
\DeclareUnicodeCharacter 


! LaTeX Error: Unicode character è¯• (U+8BD5)
               not set up for use with LaTeX.

See the LaTeX manual or LaTeX Companion for explanation.
Type  H <return>  for immediate help.
 ...                                              
                                                  
l.4 è¿™æ˜¯ä¸€æ®µæµ‹è¯•
                      æ–‡å­—
You may provide a definition with
\DeclareUnicodeCharacter 


! LaTeX Error: Unicode character æ–‡ (U+6587)
               not set up for use with LaTeX.

See the LaTeX manual or LaTeX Companion for explanation.
Type  H <return>  for immediate help.
 ...                                              
                                                  
l.4 è¿™æ˜¯ä¸€æ®µæµ‹è¯•æ–‡
                         å­—
You may provide a definition with
\DeclareUnicodeCharacter 


! LaTeX Error: Unicode character å­— (U+5B57)
               not set up for use with LaTeX.

See the LaTeX manual or LaTeX Companion for explanation.
Type  H <return>  for immediate help.
 ...                                              
                                                  
l.4 è¿™æ˜¯ä¸€æ®µæµ‹è¯•æ–‡å­—
                            
You may provide a definition with
\DeclareUnicodeCharacter 


! LaTeX Error: Unicode character è€ƒ (U+8003)
               not set up for use with LaTeX.

See the LaTeX manual or LaTeX Companion for explanation.
Type  H <return>  for immediate help.
 ...                                              
                                                  
l.6 è€ƒ
       è™‘åˆ°è®¸å¤šåŒå­¦å¯èƒ½ç¼ºä¹\LaTeX{}ä½¿ç”¨ç»éªŒï¼Œucasthesiså°†\La...

You may provide a definition with
\DeclareUnicodeCharacter 


! LaTeX Error: Unicode character è™‘ (U+8651)
               not set up for use with LaTeX.

See the LaTeX manual or LaTeX Companion for explanation.
Type  H <return>  for immediate help.
 ...                                              
                                                  
l.6 è€ƒè™‘
          åˆ°è®¸å¤šåŒå­¦å¯èƒ½ç¼ºä¹\LaTeX{}ä½¿ç”¨ç»éªŒï¼Œucasthesiså°†\La...

You may provide a definition with
\DeclareUnicodeCharacter 


! LaTeX Error: Unicode character åˆ° (U+5230)
               not set up for use with LaTeX.

See the LaTeX manual or LaTeX Companion for explanation.
Type  H <return>  for immediate help.
 ...                                              
                                                  
l.6 è€ƒè™‘åˆ°
             è®¸å¤šåŒå­¦å¯èƒ½ç¼ºä¹\LaTeX{}ä½¿ç”¨ç»éªŒï¼Œucasthesiså°†\La...

You may provide a definition with
\DeclareUnicodeCharacter 


! LaTeX Error: Unicode character è®¸ (U+8BB8)
               not set up for use with LaTeX.

See the LaTeX manual or LaTeX Companion for explanation.
Type  H <return>  for immediate help.
 ...                                              
                                                  
l.6 è€ƒè™‘åˆ°è®¸
                å¤šåŒå­¦å¯èƒ½ç¼ºä¹\LaTeX{}ä½¿ç”¨ç»éªŒï¼Œucasthesiså°†\La...

You may provide a definition with
\DeclareUnicodeCharacter 


! LaTeX Error: Unicode character å¤š (U+591A)
               not set up for use with LaTeX.

See the LaTeX manual or LaTeX Companion for explanation.
Type  H <return>  for immediate help.
 ...                                              
                                                  
l.6 è€ƒè™‘åˆ°è®¸å¤š
                   åŒå­¦å¯èƒ½ç¼ºä¹\LaTeX{}ä½¿ç”¨ç»éªŒï¼Œucasthesiså°†\La...

You may provide a definition with
\DeclareUnicodeCharacter 


! LaTeX Error: Unicode character åŒ (U+540C)
               not set up for use with LaTeX.

See the LaTeX manual or LaTeX Companion for explanation.
Type  H <return>  for immediate help.
 ...                                              
                                                  
l.6 è€ƒè™‘åˆ°è®¸å¤šåŒ
                      å­¦å¯èƒ½ç¼ºä¹\LaTeX{}ä½¿ç”¨ç»éªŒï¼Œucasthesiså°†\La...

You may provide a definition with
\DeclareUnicodeCharacter 


! LaTeX Error: Unicode character å­¦ (U+5B66)
               not set up for use with LaTeX.

See the LaTeX manual or LaTeX Companion for explanation.
Type  H <return>  for immediate help.
 ...                                              
                                                  
l.6 è€ƒè™‘åˆ°è®¸å¤šåŒå­¦
                         å¯èƒ½ç¼ºä¹\LaTeX{}ä½¿ç”¨ç»éªŒï¼Œucasthesiså°†\La...

You may provide a definition with
\DeclareUnicodeCharacter 


! LaTeX Error: Unicode character å¯ (U+53EF)
               not set up for use with LaTeX.

See the LaTeX manual or LaTeX Companion for explanation.
Type  H <return>  for immediate help.
 ...                                              
                                                  
l.6 è€ƒè™‘åˆ°è®¸å¤šåŒå­¦å¯
                            èƒ½ç¼ºä¹\LaTeX{}ä½¿ç”¨ç»éªŒï¼Œucasthesiså°†\La...

You may provide a definition with
\DeclareUnicodeCharacter 


! LaTeX Error: Unicode character èƒ½ (U+80FD)
               not set up for use with LaTeX.

See the LaTeX manual or LaTeX Companion for explanation.
Type  H <return>  for immediate help.
 ...                                              
                                                  
l.6 è€ƒè™‘åˆ°è®¸å¤šåŒå­¦å¯èƒ½
                               ç¼ºä¹\LaTeX{}ä½¿ç”¨ç»éªŒï¼Œucasthesiså°†\La...

You may provide a definition with
\DeclareUnicodeCharacter 


! LaTeX Error: Unicode character ç¼º (U+7F3A)
               not set up for use with LaTeX.

See the LaTeX manual or LaTeX Companion for explanation.
Type  H <return>  for immediate help.
 ...                                              
                                                  
l.6 è€ƒè™‘åˆ°è®¸å¤šåŒå­¦å¯èƒ½ç¼º
                                  ä¹\LaTeX{}ä½¿ç”¨ç»éªŒï¼Œucasthesiså°†\La...

You may provide a definition with
\DeclareUnicodeCharacter 


! LaTeX Error: Unicode character ä¹ (U+4E4F)
               not set up for use with LaTeX.

See the LaTeX manual or LaTeX Companion for explanation.
Type  H <return>  for immediate help.
 ...                                              
                                                  
l.6 è€ƒè™‘åˆ°è®¸å¤šåŒå­¦å¯èƒ½ç¼ºä¹
                                     \LaTeX{}ä½¿ç”¨ç»éªŒï¼Œucasthesiså°†\La...

You may provide a definition with
\DeclareUnicodeCharacter 


! LaTeX Error: Missing \begin{document}.

See the LaTeX manual or LaTeX Companion for explanation.
Type  H <return>  for immediate help.
 ...                                              
                                                  
l.6 è€ƒè™‘åˆ°è®¸å¤šåŒå­¦å¯èƒ½ç¼ºä¹\LaTeX
                                           {}ä½¿ç”¨ç»éªŒï¼Œucasthesiså°†\La...

You're in trouble here.  Try typing  <return>  to proceed.
If that doesn't work, type  X <return>  to quit.

Missing character: There is no L in font nullfont!
Missing character: There is no T in font nullfont!
LaTeX Font Info:    External font `cmex10' loaded for size
(Font)              <7> on input line 6.
LaTeX Font Info:    External font `cmex10' loaded for size
(Font)              <5> on input line 6.
Missing character: There is no T in font nullfont!
Missing character: There is no E in font nullfont!
Missing character: There is no X in font nullfont!

! LaTeX Error: Unicode character ä½¿ (U+4F7F)
               not set up for use with LaTeX.

See the LaTeX manual or LaTeX Companion for explanation.
Type  H <return>  for immediate help.
 ...                                              
                                                  
l.6 è€ƒè™‘åˆ°è®¸å¤šåŒå­¦å¯èƒ½ç¼ºä¹\LaTeX{}ä½¿
                                                ç”¨ç»éªŒï¼Œucasthesiså°†\La...

You may provide a definition with
\DeclareUnicodeCharacter 


! LaTeX Error: Unicode character ç”¨ (U+7528)
               not set up for use with LaTeX.

See the LaTeX manual or LaTeX Companion for explanation.
Type  H <return>  for immediate help.
 ...                                              
                                                  
l.6 ...™‘åˆ°è®¸å¤šåŒå­¦å¯èƒ½ç¼ºä¹\LaTeX{}ä½¿ç”¨
                                                  ç»éªŒï¼Œucasthesiså°†\LaT...

You may provide a definition with
\DeclareUnicodeCharacter 


! LaTeX Error: Unicode character ç» (U+7ECF)
               not set up for use with LaTeX.

See the LaTeX manual or LaTeX Companion for explanation.
Type  H <return>  for immediate help.
 ...                                              
                                                  
l.6 ...ˆ°è®¸å¤šåŒå­¦å¯èƒ½ç¼ºä¹\LaTeX{}ä½¿ç”¨ç»
                                                  éªŒï¼Œucasthesiså°†\LaTeX{...

You may provide a definition with
\DeclareUnicodeCharacter 


! LaTeX Error: Unicode character éªŒ (U+9A8C)
               not set up for use with LaTeX.

See the LaTeX manual or LaTeX Companion for explanation.
Type  H <return>  for immediate help.
 ...                                              
                                                  
l.6 ...®¸å¤šåŒå­¦å¯èƒ½ç¼ºä¹\LaTeX{}ä½¿ç”¨ç»éªŒ
                                                  ï¼Œucasthesiså°†\LaTeX{}çš...

You may provide a definition with
\DeclareUnicodeCharacter 


! LaTeX Error: Unicode character ï¼Œ (U+FF0C)
               not set up for use with LaTeX.

See the LaTeX manual or LaTeX Companion for explanation.
Type  H <return>  for immediate help.
 ...                                              
                                                  
l.6 ...¤šåŒå­¦å¯èƒ½ç¼ºä¹\LaTeX{}ä½¿ç”¨ç»éªŒï¼Œ
                                                  ucasthesiså°†\LaTeX{}çš„å¤...

You may provide a definition with
\DeclareUnicodeCharacter 

Missing character: There is no u in font nullfont!
Missing character: There is no c in font nullfont!
Missing character: There is no a in font nullfont!
Missing character: There is no s in font nullfont!
Missing character: There is no t in font nullfont!
Missing character: There is no h in font nullfont!
Missing character: There is no e in font nullfont!
Missing character: There is no s in font nullfont!
Missing character: There is no i in font nullfont!
Missing character: There is no s in font nullfont!

! LaTeX Error: Unicode character å°† (U+5C06)
               not set up for use with LaTeX.

See the LaTeX manual or LaTeX Companion for explanation.
Type  H <return>  for immediate help.
 ...                                              
                                                  
l.6 ...½ç¼ºä¹\LaTeX{}ä½¿ç”¨ç»éªŒï¼Œucasthesiså°†
                                                  \LaTeX{}çš„å¤æ‚æ€§é«˜åº¦...

You may provide a definition with
\DeclareUnicodeCharacter 

Missing character: There is no L in font nullfont!
Missing character: There is no T in font nullfont!
Missing character: There is no T in font nullfont!
Missing character: There is no E in font nullfont!
Missing character: There is no X in font nullfont!

! LaTeX Error: Unicode character çš„ (U+7684)
               not set up for use with LaTeX.

See the LaTeX manual or LaTeX Companion for explanation.
Type  H <return>  for immediate help.
 ...                                              
                                                  
l.6 ...eX{}ä½¿ç”¨ç»éªŒï¼Œucasthesiså°†\LaTeX{}çš„
                                                  å¤æ‚æ€§é«˜åº¦å°è£…ï¼Œå¼...

You may provide a definition with
\DeclareUnicodeCharacter 


! LaTeX Error: Unicode character å¤ (U+590D)
               not set up for use with LaTeX.

See the LaTeX manual or LaTeX Companion for explanation.
Type  H <return>  for immediate help.
 ...                                              
                                                  
l.6 ...}ä½¿ç”¨ç»éªŒï¼Œucasthesiså°†\LaTeX{}çš„å¤
                                                  æ‚æ€§é«˜åº¦å°è£…ï¼Œå¼€æ”...

You may provide a definition with
\DeclareUnicodeCharacter 


! LaTeX Error: Unicode character æ‚ (U+6742)
               not set up for use with LaTeX.

See the LaTeX manual or LaTeX Companion for explanation.
Type  H <return>  for immediate help.
 ...                                              
                                                  
l.6 ...¿ç”¨ç»éªŒï¼Œucasthesiså°†\LaTeX{}çš„å¤æ‚
                                                  æ€§é«˜åº¦å°è£…ï¼Œå¼€æ”¾å‡...

You may provide a definition with
\DeclareUnicodeCharacter 


! LaTeX Error: Unicode character æ€§ (U+6027)
               not set up for use with LaTeX.

See the LaTeX manual or LaTeX Companion for explanation.
Type  H <return>  for immediate help.
 ...                                              
                                                  
l.6 ...¨ç»éªŒï¼Œucasthesiså°†\LaTeX{}çš„å¤æ‚æ€§
                                                  é«˜åº¦å°è£…ï¼Œå¼€æ”¾å‡ºç®...

You may provide a definition with
\DeclareUnicodeCharacter 


! LaTeX Error: Unicode character é«˜ (U+9AD8)
               not set up for use with LaTeX.

See the LaTeX manual or LaTeX Companion for explanation.
Type  H <return>  for immediate help.
 ...                                              
                                                  
l.6 ...éªŒï¼Œucasthesiså°†\LaTeX{}çš„å¤æ‚æ€§é«˜
                                                  åº¦å°è£…ï¼Œå¼€æ”¾å‡ºç®€å...

You may provide a definition with
\DeclareUnicodeCharacter 


! LaTeX Error: Unicode character åº¦ (U+5EA6)
               not set up for use with LaTeX.

See the LaTeX manual or LaTeX Companion for explanation.
Type  H <return>  for immediate help.
 ...                                              
                                                  
l.6 ...Œï¼Œucasthesiså°†\LaTeX{}çš„å¤æ‚æ€§é«˜åº¦
                                                  å°è£…ï¼Œå¼€æ”¾å‡ºç®€å•çš...

You may provide a definition with
\DeclareUnicodeCharacter 


! LaTeX Error: Unicode character å° (U+5C01)
               not set up for use with LaTeX.

See the LaTeX manual or LaTeX Companion for explanation.
Type  H <return>  for immediate help.
 ...                                              
                                                  
l.6 ...Œucasthesiså°†\LaTeX{}çš„å¤æ‚æ€§é«˜åº¦å°
                                                  è£…ï¼Œå¼€æ”¾å‡ºç®€å•çš„æ...

You may provide a definition with
\DeclareUnicodeCharacter 


! LaTeX Error: Unicode character è£… (U+88C5)
               not set up for use with LaTeX.

See the LaTeX manual or LaTeX Companion for explanation.
Type  H <return>  for immediate help.
 ...                                              
                                                  
l.6 ...asthesiså°†\LaTeX{}çš„å¤æ‚æ€§é«˜åº¦å°è£…
                                                  ï¼Œå¼€æ”¾å‡ºç®€å•çš„æ¥å...

You may provide a definition with
\DeclareUnicodeCharacter 


! LaTeX Error: Unicode character ï¼Œ (U+FF0C)
               not set up for use with LaTeX.

See the LaTeX manual or LaTeX Companion for explanation.
Type  H <return>  for immediate help.
 ...                                              
                                                  
l.6 ...hesiså°†\LaTeX{}çš„å¤æ‚æ€§é«˜åº¦å°è£…ï¼Œ
                                                  å¼€æ”¾å‡ºç®€å•çš„æ¥å£ï¼...

You may provide a definition with
\DeclareUnicodeCharacter 


! LaTeX Error: Unicode character å¼€ (U+5F00)
               not set up for use with LaTeX.

See the LaTeX manual or LaTeX Companion for explanation.
Type  H <return>  for immediate help.
 ...                                              
                                                  
l.6 ...iså°†\LaTeX{}çš„å¤æ‚æ€§é«˜åº¦å°è£…ï¼Œå¼€
                                                  æ”¾å‡ºç®€å•çš„æ¥å£ï¼Œä»...

You may provide a definition with
\DeclareUnicodeCharacter 


! LaTeX Error: Unicode character æ”¾ (U+653E)
               not set up for use with LaTeX.

See the LaTeX manual or LaTeX Companion for explanation.
Type  H <return>  for immediate help.
 ...                                              
                                                  
l.6 ...°†\LaTeX{}çš„å¤æ‚æ€§é«˜åº¦å°è£…ï¼Œå¼€æ”¾
                                                  å‡ºç®€å•çš„æ¥å£ï¼Œä»¥ä¾...

You may provide a definition with
\DeclareUnicodeCharacter 


! LaTeX Error: Unicode character å‡º (U+51FA)
               not set up for use with LaTeX.

See the LaTeX manual or LaTeX Companion for explanation.
Type  H <return>  for immediate help.
 ...                                              
                                                  
l.6 ...LaTeX{}çš„å¤æ‚æ€§é«˜åº¦å°è£…ï¼Œå¼€æ”¾å‡º
                                                  ç®€å•çš„æ¥å£ï¼Œä»¥ä¾¿è½...

You may provide a definition with
\DeclareUnicodeCharacter 


! LaTeX Error: Unicode character ç®€ (U+7B80)
               not set up for use with LaTeX.

See the LaTeX manual or LaTeX Companion for explanation.
Type  H <return>  for immediate help.
 ...                                              
                                                  
l.6 ...eX{}çš„å¤æ‚æ€§é«˜åº¦å°è£…ï¼Œå¼€æ”¾å‡ºç®€
                                                  å•çš„æ¥å£ï¼Œä»¥ä¾¿è½»æ˜...

You may provide a definition with
\DeclareUnicodeCharacter 


! LaTeX Error: Unicode character å• (U+5355)
               not set up for use with LaTeX.

See the LaTeX manual or LaTeX Companion for explanation.
Type  H <return>  for immediate help.
 ...                                              
                                                  
l.6 ...}çš„å¤æ‚æ€§é«˜åº¦å°è£…ï¼Œå¼€æ”¾å‡ºç®€å•
                                                  çš„æ¥å£ï¼Œä»¥ä¾¿è½»æ˜“ä½...

You may provide a definition with
\DeclareUnicodeCharacter 


! LaTeX Error: Unicode character çš„ (U+7684)
               not set up for use with LaTeX.

See the LaTeX manual or LaTeX Companion for explanation.
Type  H <return>  for immediate help.
 ...                                              
                                                  
l.6 ...„å¤æ‚æ€§é«˜åº¦å°è£…ï¼Œå¼€æ”¾å‡ºç®€å•çš„
                                                  æ¥å£ï¼Œä»¥ä¾¿è½»æ˜“ä½¿ç”...

You may provide a definition with
\DeclareUnicodeCharacter 


! LaTeX Error: Unicode character æ¥ (U+63A5)
               not set up for use with LaTeX.

See the LaTeX manual or LaTeX Companion for explanation.
Type  H <return>  for immediate help.
 ...                                              
                                                  
l.6 ...æ‚æ€§é«˜åº¦å°è£…ï¼Œå¼€æ”¾å‡ºç®€å•çš„æ¥
                                                  å£ï¼Œä»¥ä¾¿è½»æ˜“ä½¿ç”¨ã€...

You may provide a definition with
\DeclareUnicodeCharacter 


! LaTeX Error: Unicode character å£ (U+53E3)
               not set up for use with LaTeX.

See the LaTeX manual or LaTeX Companion for explanation.
Type  H <return>  for immediate help.
 ...                                              
                                                  
l.6 ...‚æ€§é«˜åº¦å°è£…ï¼Œå¼€æ”¾å‡ºç®€å•çš„æ¥å£
                                                  ï¼Œä»¥ä¾¿è½»æ˜“ä½¿ç”¨ã€‚å...

You may provide a definition with
\DeclareUnicodeCharacter 


! LaTeX Error: Unicode character ï¼Œ (U+FF0C)
               not set up for use with LaTeX.

See the LaTeX manual or LaTeX Companion for explanation.
Type  H <return>  for immediate help.
 ...                                              
                                                  
l.6 ...§é«˜åº¦å°è£…ï¼Œå¼€æ”¾å‡ºç®€å•çš„æ¥å£ï¼Œ
                                                  ä»¥ä¾¿è½»æ˜“ä½¿ç”¨ã€‚åŒæ—...

You may provide a definition with
\DeclareUnicodeCharacter 


! LaTeX Error: Unicode character ä»¥ (U+4EE5)
               not set up for use with LaTeX.

See the LaTeX manual or LaTeX Companion for explanation.
Type  H <return>  for immediate help.
 ...                                              
                                                  
l.6 ...˜åº¦å°è£…ï¼Œå¼€æ”¾å‡ºç®€å•çš„æ¥å£ï¼Œä»¥
                                                  ä¾¿è½»æ˜“ä½¿ç”¨ã€‚åŒæ—¶ï¼...

You may provide a definition with
\DeclareUnicodeCharacter 


! LaTeX Error: Unicode character ä¾¿ (U+4FBF)
               not set up for use with LaTeX.

See the LaTeX manual or LaTeX Companion for explanation.
Type  H <return>  for immediate help.
 ...                                              
                                                  
l.6 ...¦å°è£…ï¼Œå¼€æ”¾å‡ºç®€å•çš„æ¥å£ï¼Œä»¥ä¾¿
                                                  è½»æ˜“ä½¿ç”¨ã€‚åŒæ—¶ï¼Œå¯...

You may provide a definition with
\DeclareUnicodeCharacter 


! LaTeX Error: Unicode character è½» (U+8F7B)
               not set up for use with LaTeX.

See the LaTeX manual or LaTeX Companion for explanation.
Type  H <return>  for immediate help.
 ...                                              
                                                  
l.6 ...è£…ï¼Œå¼€æ”¾å‡ºç®€å•çš„æ¥å£ï¼Œä»¥ä¾¿è½»
                                                  æ˜“ä½¿ç”¨ã€‚åŒæ—¶ï¼Œå¯¹ç”...

You may provide a definition with
\DeclareUnicodeCharacter 


! LaTeX Error: Unicode character æ˜“ (U+6613)
               not set up for use with LaTeX.

See the LaTeX manual or LaTeX Companion for explanation.
Type  H <return>  for immediate help.
 ...                                              
                                                  
l.6 ...…ï¼Œå¼€æ”¾å‡ºç®€å•çš„æ¥å£ï¼Œä»¥ä¾¿è½»æ˜“
                                                  ä½¿ç”¨ã€‚åŒæ—¶ï¼Œå¯¹ç”¨\L...

You may provide a definition with
\DeclareUnicodeCharacter 


! LaTeX Error: Unicode character ä½¿ (U+4F7F)
               not set up for use with LaTeX.

See the LaTeX manual or LaTeX Companion for explanation.
Type  H <return>  for immediate help.
 ...                                              
                                                  
l.6 ...Œå¼€æ”¾å‡ºç®€å•çš„æ¥å£ï¼Œä»¥ä¾¿è½»æ˜“ä½¿
                                                  ç”¨ã€‚åŒæ—¶ï¼Œå¯¹ç”¨\LaTe...

You may provide a definition with
\DeclareUnicodeCharacter 


! LaTeX Error: Unicode character ç”¨ (U+7528)
               not set up for use with LaTeX.

See the LaTeX manual or LaTeX Companion for explanation.
Type  H <return>  for immediate help.
 ...                                              
                                                  
l.6 ...€æ”¾å‡ºç®€å•çš„æ¥å£ï¼Œä»¥ä¾¿è½»æ˜“ä½¿ç”¨
                                                  ã€‚åŒæ—¶ï¼Œå¯¹ç”¨\LaTeX{}...

You may provide a definition with
\DeclareUnicodeCharacter 


! LaTeX Error: Unicode character ã€‚ (U+3002)
               not set up for use with LaTeX.

See the LaTeX manual or LaTeX Companion for explanation.
Type  H <return>  for immediate help.
 ...                                              
                                                  
l.6 ...¾å‡ºç®€å•çš„æ¥å£ï¼Œä»¥ä¾¿è½»æ˜“ä½¿ç”¨ã€‚
                                                  åŒæ—¶ï¼Œå¯¹ç”¨\LaTeX{}æ’°...

You may provide a definition with
\DeclareUnicodeCharacter 


! LaTeX Error: Unicode character åŒ (U+540C)
               not set up for use with LaTeX.

See the LaTeX manual or LaTeX Companion for explanation.
Type  H <return>  for immediate help.
 ...                                              
                                                  
l.6 ...ºç®€å•çš„æ¥å£ï¼Œä»¥ä¾¿è½»æ˜“ä½¿ç”¨ã€‚åŒ
                                                  æ—¶ï¼Œå¯¹ç”¨\LaTeX{}æ’°å†™...

You may provide a definition with
\DeclareUnicodeCharacter 


! LaTeX Error: Unicode character æ—¶ (U+65F6)
               not set up for use with LaTeX.

See the LaTeX manual or LaTeX Companion for explanation.
Type  H <return>  for immediate help.
 ...                                              
                                                  
l.6 ...€å•çš„æ¥å£ï¼Œä»¥ä¾¿è½»æ˜“ä½¿ç”¨ã€‚åŒæ—¶
                                                  ï¼Œå¯¹ç”¨\LaTeX{}æ’°å†™è®º...

You may provide a definition with
\DeclareUnicodeCharacter 


! LaTeX Error: Unicode character ï¼Œ (U+FF0C)
               not set up for use with LaTeX.

See the LaTeX manual or LaTeX Companion for explanation.
Type  H <return>  for immediate help.
 ...                                              
                                                  
l.6 ...•çš„æ¥å£ï¼Œä»¥ä¾¿è½»æ˜“ä½¿ç”¨ã€‚åŒæ—¶ï¼Œ
                                                  å¯¹ç”¨\LaTeX{}æ’°å†™è®ºæ–‡...

You may provide a definition with
\DeclareUnicodeCharacter 


! LaTeX Error: Unicode character å¯¹ (U+5BF9)
               not set up for use with LaTeX.

See the LaTeX manual or LaTeX Companion for explanation.
Type  H <return>  for immediate help.
 ...                                              
                                                  
l.6 ...„æ¥å£ï¼Œä»¥ä¾¿è½»æ˜“ä½¿ç”¨ã€‚åŒæ—¶ï¼Œå¯¹
                                                  ç”¨\LaTeX{}æ’°å†™è®ºæ–‡çš„...

You may provide a definition with
\DeclareUnicodeCharacter 


! LaTeX Error: Unicode character ç”¨ (U+7528)
               not set up for use with LaTeX.

See the LaTeX manual or LaTeX Companion for explanation.
Type  H <return>  for immediate help.
 ...                                              
                                                  
l.6 ...¥å£ï¼Œä»¥ä¾¿è½»æ˜“ä½¿ç”¨ã€‚åŒæ—¶ï¼Œå¯¹ç”¨
                                                  \LaTeX{}æ’°å†™è®ºæ–‡çš„ä¸€...

You may provide a definition with
\DeclareUnicodeCharacter 

Missing character: There is no L in font nullfont!
Missing character: There is no T in font nullfont!
Missing character: There is no T in font nullfont!
Missing character: There is no E in font nullfont!
Missing character: There is no X in font nullfont!

! LaTeX Error: Unicode character æ’° (U+64B0)
               not set up for use with LaTeX.

See the LaTeX manual or LaTeX Companion for explanation.
Type  H <return>  for immediate help.
 ...                                              
                                                  
l.6 ...¾¿è½»æ˜“ä½¿ç”¨ã€‚åŒæ—¶ï¼Œå¯¹ç”¨\LaTeX{}æ’°
                                                  å†™è®ºæ–‡çš„ä¸€äº›ä¸»è¦éš...

You may provide a definition with
\DeclareUnicodeCharacter 


! LaTeX Error: Unicode character å†™ (U+5199)
               not set up for use with LaTeX.

See the LaTeX manual or LaTeX Companion for explanation.
Type  H <return>  for immediate help.
 ...                                              
                                                  
l.6 ...½»æ˜“ä½¿ç”¨ã€‚åŒæ—¶ï¼Œå¯¹ç”¨\LaTeX{}æ’°å†™
                                                  è®ºæ–‡çš„ä¸€äº›ä¸»è¦éš¾é¢...

You may provide a definition with
\DeclareUnicodeCharacter 


! LaTeX Error: Unicode character è®º (U+8BBA)
               not set up for use with LaTeX.

See the LaTeX manual or LaTeX Companion for explanation.
Type  H <return>  for immediate help.
 ...                                              
                                                  
l.6 ...˜“ä½¿ç”¨ã€‚åŒæ—¶ï¼Œå¯¹ç”¨\LaTeX{}æ’°å†™è®º
                                                  æ–‡çš„ä¸€äº›ä¸»è¦éš¾é¢˜ï¼...

You may provide a definition with
\DeclareUnicodeCharacter 


! LaTeX Error: Unicode character æ–‡ (U+6587)
               not set up for use with LaTeX.

See the LaTeX manual or LaTeX Companion for explanation.
Type  H <return>  for immediate help.
 ...                                              
                                                  
l.6 ...½¿ç”¨ã€‚åŒæ—¶ï¼Œå¯¹ç”¨\LaTeX{}æ’°å†™è®ºæ–‡
                                                  çš„ä¸€äº›ä¸»è¦éš¾é¢˜ï¼Œå¦...

You may provide a definition with
\DeclareUnicodeCharacter 


! LaTeX Error: Unicode character çš„ (U+7684)
               not set up for use with LaTeX.

See the LaTeX manual or LaTeX Companion for explanation.
Type  H <return>  for immediate help.
 ...                                              
                                                  
l.6 ...”¨ã€‚åŒæ—¶ï¼Œå¯¹ç”¨\LaTeX{}æ’°å†™è®ºæ–‡çš„
                                                  ä¸€äº›ä¸»è¦éš¾é¢˜ï¼Œå¦‚åˆ...

You may provide a definition with
\DeclareUnicodeCharacter 


! LaTeX Error: Unicode character ä¸€ (U+4E00)
               not set up for use with LaTeX.

See the LaTeX manual or LaTeX Companion for explanation.
Type  H <return>  for immediate help.
 ...                                              
                                                  
l.6 ...€‚åŒæ—¶ï¼Œå¯¹ç”¨\LaTeX{}æ’°å†™è®ºæ–‡çš„ä¸€
                                                  äº›ä¸»è¦éš¾é¢˜ï¼Œå¦‚åˆ¶å›...

You may provide a definition with
\DeclareUnicodeCharacter 


! LaTeX Error: Unicode character äº› (U+4E9B)
               not set up for use with LaTeX.

See the LaTeX manual or LaTeX Companion for explanation.
Type  H <return>  for immediate help.
 ...                                              
                                                  
l.6 ...Œæ—¶ï¼Œå¯¹ç”¨\LaTeX{}æ’°å†™è®ºæ–‡çš„ä¸€äº›
                                                  ä¸»è¦éš¾é¢˜ï¼Œå¦‚åˆ¶å›¾ã€...

You may provide a definition with
\DeclareUnicodeCharacter 


! LaTeX Error: Unicode character ä¸» (U+4E3B)
               not set up for use with LaTeX.

See the LaTeX manual or LaTeX Companion for explanation.
Type  H <return>  for immediate help.
 ...                                              
                                                  
l.6 ...—¶ï¼Œå¯¹ç”¨\LaTeX{}æ’°å†™è®ºæ–‡çš„ä¸€äº›ä¸»
                                                  è¦éš¾é¢˜ï¼Œå¦‚åˆ¶å›¾ã€åˆ...

You may provide a definition with
\DeclareUnicodeCharacter 


! LaTeX Error: Unicode character è¦ (U+8981)
               not set up for use with LaTeX.

See the LaTeX manual or LaTeX Companion for explanation.
Type  H <return>  for immediate help.
 ...                                              
                                                  
l.6 ...¼Œå¯¹ç”¨\LaTeX{}æ’°å†™è®ºæ–‡çš„ä¸€äº›ä¸»è¦
                                                  éš¾é¢˜ï¼Œå¦‚åˆ¶å›¾ã€åˆ¶è¡...

You may provide a definition with
\DeclareUnicodeCharacter 


! LaTeX Error: Unicode character éš¾ (U+96BE)
               not set up for use with LaTeX.

See the LaTeX manual or LaTeX Companion for explanation.
Type  H <return>  for immediate help.
 ...                                              
                                                  
l.6 ...¯¹ç”¨\LaTeX{}æ’°å†™è®ºæ–‡çš„ä¸€äº›ä¸»è¦éš¾
                                                  é¢˜ï¼Œå¦‚åˆ¶å›¾ã€åˆ¶è¡¨ã€...

You may provide a definition with
\DeclareUnicodeCharacter 


! LaTeX Error: Unicode character é¢˜ (U+9898)
               not set up for use with LaTeX.

See the LaTeX manual or LaTeX Companion for explanation.
Type  H <return>  for immediate help.
 ...                                              
                                                  
l.6 ...”¨\LaTeX{}æ’°å†™è®ºæ–‡çš„ä¸€äº›ä¸»è¦éš¾é¢˜
                                                  ï¼Œå¦‚åˆ¶å›¾ã€åˆ¶è¡¨ã€æ–...

You may provide a definition with
\DeclareUnicodeCharacter 


! LaTeX Error: Unicode character ï¼Œ (U+FF0C)
               not set up for use with LaTeX.

See the LaTeX manual or LaTeX Companion for explanation.
Type  H <return>  for immediate help.
 ...                                              
                                                  
l.6 ...LaTeX{}æ’°å†™è®ºæ–‡çš„ä¸€äº›ä¸»è¦éš¾é¢˜ï¼Œ
                                                  å¦‚åˆ¶å›¾ã€åˆ¶è¡¨ã€æ–‡çŒ...

You may provide a definition with
\DeclareUnicodeCharacter 


! LaTeX Error: Unicode character å¦‚ (U+5982)
               not set up for use with LaTeX.

See the LaTeX manual or LaTeX Companion for explanation.
Type  H <return>  for immediate help.
 ...                                              
                                                  
l.6 ...eX{}æ’°å†™è®ºæ–‡çš„ä¸€äº›ä¸»è¦éš¾é¢˜ï¼Œå¦‚
                                                  åˆ¶å›¾ã€åˆ¶è¡¨ã€æ–‡çŒ®ç´...

You may provide a definition with
\DeclareUnicodeCharacter 


! LaTeX Error: Unicode character åˆ¶ (U+5236)
               not set up for use with LaTeX.

See the LaTeX manual or LaTeX Companion for explanation.
Type  H <return>  for immediate help.
 ...                                              
                                                  
l.6 ...}æ’°å†™è®ºæ–‡çš„ä¸€äº›ä¸»è¦éš¾é¢˜ï¼Œå¦‚åˆ¶
                                                  å›¾ã€åˆ¶è¡¨ã€æ–‡çŒ®ç´¢å¼...

You may provide a definition with
\DeclareUnicodeCharacter 


! LaTeX Error: Unicode character å›¾ (U+56FE)
               not set up for use with LaTeX.

See the LaTeX manual or LaTeX Companion for explanation.
Type  H <return>  for immediate help.
 ...                                              
                                                  
l.6 ...°å†™è®ºæ–‡çš„ä¸€äº›ä¸»è¦éš¾é¢˜ï¼Œå¦‚åˆ¶å›¾
                                                  ã€åˆ¶è¡¨ã€æ–‡çŒ®ç´¢å¼•ç­...

You may provide a definition with
\DeclareUnicodeCharacter 


! LaTeX Error: Unicode character ã€ (U+3001)
               not set up for use with LaTeX.

See the LaTeX manual or LaTeX Companion for explanation.
Type  H <return>  for immediate help.
 ...                                              
                                                  
l.6 ...™è®ºæ–‡çš„ä¸€äº›ä¸»è¦éš¾é¢˜ï¼Œå¦‚åˆ¶å›¾ã€
                                                  åˆ¶è¡¨ã€æ–‡çŒ®ç´¢å¼•ç­‰ï¼...

You may provide a definition with
\DeclareUnicodeCharacter 


! LaTeX Error: Unicode character åˆ¶ (U+5236)
               not set up for use with LaTeX.

See the LaTeX manual or LaTeX Companion for explanation.
Type  H <return>  for immediate help.
 ...                                              
                                                  
l.6 ...ºæ–‡çš„ä¸€äº›ä¸»è¦éš¾é¢˜ï¼Œå¦‚åˆ¶å›¾ã€åˆ¶
                                                  è¡¨ã€æ–‡çŒ®ç´¢å¼•ç­‰ï¼Œè¿...

You may provide a definition with
\DeclareUnicodeCharacter 


! LaTeX Error: Unicode character è¡¨ (U+8868)
               not set up for use with LaTeX.

See the LaTeX manual or LaTeX Companion for explanation.
Type  H <return>  for immediate help.
 ...                                              
                                                  
l.6 ...‡çš„ä¸€äº›ä¸»è¦éš¾é¢˜ï¼Œå¦‚åˆ¶å›¾ã€åˆ¶è¡¨
                                                  ã€æ–‡çŒ®ç´¢å¼•ç­‰ï¼Œè¿›è¡...

You may provide a definition with
\DeclareUnicodeCharacter 


! LaTeX Error: Unicode character ã€ (U+3001)
               not set up for use with LaTeX.

See the LaTeX manual or LaTeX Companion for explanation.
Type  H <return>  for immediate help.
 ...                                              
                                                  
l.6 ...„ä¸€äº›ä¸»è¦éš¾é¢˜ï¼Œå¦‚åˆ¶å›¾ã€åˆ¶è¡¨ã€
                                                  æ–‡çŒ®ç´¢å¼•ç­‰ï¼Œè¿›è¡Œäº...

You may provide a definition with
\DeclareUnicodeCharacter 


! LaTeX Error: Unicode character æ–‡ (U+6587)
               not set up for use with LaTeX.

See the LaTeX manual or LaTeX Companion for explanation.
Type  H <return>  for immediate help.
 ...                                              
                                                  
l.6 ...€äº›ä¸»è¦éš¾é¢˜ï¼Œå¦‚åˆ¶å›¾ã€åˆ¶è¡¨ã€æ–‡
                                                  çŒ®ç´¢å¼•ç­‰ï¼Œè¿›è¡Œäº†è¯...

You may provide a definition with
\DeclareUnicodeCharacter 


! LaTeX Error: Unicode character çŒ® (U+732E)
               not set up for use with LaTeX.

See the LaTeX manual or LaTeX Companion for explanation.
Type  H <return>  for immediate help.
 ...                                              
                                                  
l.6 ...›ä¸»è¦éš¾é¢˜ï¼Œå¦‚åˆ¶å›¾ã€åˆ¶è¡¨ã€æ–‡çŒ®
                                                  ç´¢å¼•ç­‰ï¼Œè¿›è¡Œäº†è¯¦ç»...

You may provide a definition with
\DeclareUnicodeCharacter 


! LaTeX Error: Unicode character ç´¢ (U+7D22)
               not set up for use with LaTeX.

See the LaTeX manual or LaTeX Companion for explanation.
Type  H <return>  for immediate help.
 ...                                              
                                                  
l.6 ...»è¦éš¾é¢˜ï¼Œå¦‚åˆ¶å›¾ã€åˆ¶è¡¨ã€æ–‡çŒ®ç´¢
                                                  å¼•ç­‰ï¼Œè¿›è¡Œäº†è¯¦ç»†è¯...

You may provide a definition with
\DeclareUnicodeCharacter 


! LaTeX Error: Unicode character å¼• (U+5F15)
               not set up for use with LaTeX.

See the LaTeX manual or LaTeX Companion for explanation.
Type  H <return>  for immediate help.
 ...                                              
                                                  
l.6 ...éš¾é¢˜ï¼Œå¦‚åˆ¶å›¾ã€åˆ¶è¡¨ã€æ–‡çŒ®ç´¢å¼•
                                                  ç­‰ï¼Œè¿›è¡Œäº†è¯¦ç»†è¯´æ˜...

You may provide a definition with
\DeclareUnicodeCharacter 


! LaTeX Error: Unicode character ç­‰ (U+7B49)
               not set up for use with LaTeX.

See the LaTeX manual or LaTeX Companion for explanation.
Type  H <return>  for immediate help.
 ...                                              
                                                  
l.6 ...¾é¢˜ï¼Œå¦‚åˆ¶å›¾ã€åˆ¶è¡¨ã€æ–‡çŒ®ç´¢å¼•ç­‰
                                                  ï¼Œè¿›è¡Œäº†è¯¦ç»†è¯´æ˜ï¼...

You may provide a definition with
\DeclareUnicodeCharacter 


! LaTeX Error: Unicode character ï¼Œ (U+FF0C)
               not set up for use with LaTeX.

See the LaTeX manual or LaTeX Companion for explanation.
Type  H <return>  for immediate help.
 ...                                              
                                                  
l.6 ...˜ï¼Œå¦‚åˆ¶å›¾ã€åˆ¶è¡¨ã€æ–‡çŒ®ç´¢å¼•ç­‰ï¼Œ
                                                  è¿›è¡Œäº†è¯¦ç»†è¯´æ˜ï¼Œå¹...

You may provide a definition with
\DeclareUnicodeCharacter 


! LaTeX Error: Unicode character è¿› (U+8FDB)
               not set up for use with LaTeX.

See the LaTeX manual or LaTeX Companion for explanation.
Type  H <return>  for immediate help.
 ...                                              
                                                  
l.6 ...Œå¦‚åˆ¶å›¾ã€åˆ¶è¡¨ã€æ–‡çŒ®ç´¢å¼•ç­‰ï¼Œè¿›
                                                  è¡Œäº†è¯¦ç»†è¯´æ˜ï¼Œå¹¶æ...

You may provide a definition with
\DeclareUnicodeCharacter 


! LaTeX Error: Unicode character è¡Œ (U+884C)
               not set up for use with LaTeX.

See the LaTeX manual or LaTeX Companion for explanation.
Type  H <return>  for immediate help.
 ...                                              
                                                  
l.6 ...‚åˆ¶å›¾ã€åˆ¶è¡¨ã€æ–‡çŒ®ç´¢å¼•ç­‰ï¼Œè¿›è¡Œ
                                                  äº†è¯¦ç»†è¯´æ˜ï¼Œå¹¶æä¾...

You may provide a definition with
\DeclareUnicodeCharacter 


! LaTeX Error: Unicode character äº† (U+4E86)
               not set up for use with LaTeX.

See the LaTeX manual or LaTeX Companion for explanation.
Type  H <return>  for immediate help.
 ...                                              
                                                  
l.6 ...¶å›¾ã€åˆ¶è¡¨ã€æ–‡çŒ®ç´¢å¼•ç­‰ï¼Œè¿›è¡Œäº†
                                                  è¯¦ç»†è¯´æ˜ï¼Œå¹¶æä¾›äº...

You may provide a definition with
\DeclareUnicodeCharacter 


! LaTeX Error: Unicode character è¯¦ (U+8BE6)
               not set up for use with LaTeX.

See the LaTeX manual or LaTeX Companion for explanation.
Type  H <return>  for immediate help.
 ...                                              
                                                  
l.6 ...¾ã€åˆ¶è¡¨ã€æ–‡çŒ®ç´¢å¼•ç­‰ï¼Œè¿›è¡Œäº†è¯¦
                                                  ç»†è¯´æ˜ï¼Œå¹¶æä¾›äº†ç›...

You may provide a definition with
\DeclareUnicodeCharacter 


! LaTeX Error: Unicode character ç»† (U+7EC6)
               not set up for use with LaTeX.

See the LaTeX manual or LaTeX Companion for explanation.
Type  H <return>  for immediate help.
 ...                                              
                                                  
l.6 ...åˆ¶è¡¨ã€æ–‡çŒ®ç´¢å¼•ç­‰ï¼Œè¿›è¡Œäº†è¯¦ç»†
                                                  è¯´æ˜ï¼Œå¹¶æä¾›äº†ç›¸åº...

You may provide a definition with
\DeclareUnicodeCharacter 


! LaTeX Error: Unicode character è¯´ (U+8BF4)
               not set up for use with LaTeX.

See the LaTeX manual or LaTeX Companion for explanation.
Type  H <return>  for immediate help.
 ...                                              
                                                  
l.6 ...¶è¡¨ã€æ–‡çŒ®ç´¢å¼•ç­‰ï¼Œè¿›è¡Œäº†è¯¦ç»†è¯´
                                                  æ˜ï¼Œå¹¶æä¾›äº†ç›¸åº”çš...

You may provide a definition with
\DeclareUnicodeCharacter 


! LaTeX Error: Unicode character æ˜ (U+660E)
               not set up for use with LaTeX.

See the LaTeX manual or LaTeX Companion for explanation.
Type  H <return>  for immediate help.
 ...                                              
                                                  
l.6 ...¨ã€æ–‡çŒ®ç´¢å¼•ç­‰ï¼Œè¿›è¡Œäº†è¯¦ç»†è¯´æ˜
                                                  ï¼Œå¹¶æä¾›äº†ç›¸åº”çš„ä»...

You may provide a definition with
\DeclareUnicodeCharacter 


! LaTeX Error: Unicode character ï¼Œ (U+FF0C)
               not set up for use with LaTeX.

See the LaTeX manual or LaTeX Companion for explanation.
Type  H <return>  for immediate help.
 ...                                              
                                                  
l.6 ...æ–‡çŒ®ç´¢å¼•ç­‰ï¼Œè¿›è¡Œäº†è¯¦ç»†è¯´æ˜ï¼Œ
                                                  å¹¶æä¾›äº†ç›¸åº”çš„ä»£ç ...

You may provide a definition with
\DeclareUnicodeCharacter 


! LaTeX Error: Unicode character å¹¶ (U+5E76)
               not set up for use with LaTeX.

See the LaTeX manual or LaTeX Companion for explanation.
Type  H <return>  for immediate help.
 ...                                              
                                                  
l.6 ...‡çŒ®ç´¢å¼•ç­‰ï¼Œè¿›è¡Œäº†è¯¦ç»†è¯´æ˜ï¼Œå¹¶
                                                  æä¾›äº†ç›¸åº”çš„ä»£ç æ ...

You may provide a definition with
\DeclareUnicodeCharacter 


! LaTeX Error: Unicode character æ (U+63D0)
               not set up for use with LaTeX.

See the LaTeX manual or LaTeX Companion for explanation.
Type  H <return>  for immediate help.
 ...                                              
                                                  
l.6 ...®ç´¢å¼•ç­‰ï¼Œè¿›è¡Œäº†è¯¦ç»†è¯´æ˜ï¼Œå¹¶æ
                                                  ä¾›äº†ç›¸åº”çš„ä»£ç æ ·æœ...

You may provide a definition with
\DeclareUnicodeCharacter 


! LaTeX Error: Unicode character ä¾› (U+4F9B)
               not set up for use with LaTeX.

See the LaTeX manual or LaTeX Companion for explanation.
Type  H <return>  for immediate help.
 ...                                              
                                                  
l.6 ...¢å¼•ç­‰ï¼Œè¿›è¡Œäº†è¯¦ç»†è¯´æ˜ï¼Œå¹¶æä¾›
                                                  äº†ç›¸åº”çš„ä»£ç æ ·æœ¬ï¼...

You may provide a definition with
\DeclareUnicodeCharacter 


! LaTeX Error: Unicode character äº† (U+4E86)
               not set up for use with LaTeX.

See the LaTeX manual or LaTeX Companion for explanation.
Type  H <return>  for immediate help.
 ...                                              
                                                  
l.6 ...•ç­‰ï¼Œè¿›è¡Œäº†è¯¦ç»†è¯´æ˜ï¼Œå¹¶æä¾›äº†
                                                  ç›¸åº”çš„ä»£ç æ ·æœ¬ï¼Œç...

You may provide a definition with
\DeclareUnicodeCharacter 


! LaTeX Error: Unicode character ç›¸ (U+76F8)
               not set up for use with LaTeX.

See the LaTeX manual or LaTeX Companion for explanation.
Type  H <return>  for immediate help.
 ...                                              
                                                  
l.6 ...‰ï¼Œè¿›è¡Œäº†è¯¦ç»†è¯´æ˜ï¼Œå¹¶æä¾›äº†ç›¸
                                                  åº”çš„ä»£ç æ ·æœ¬ï¼Œç†è§...

You may provide a definition with
\DeclareUnicodeCharacter 


! LaTeX Error: Unicode character åº” (U+5E94)
               not set up for use with LaTeX.

See the LaTeX manual or LaTeX Companion for explanation.
Type  H <return>  for immediate help.
 ...                                              
                                                  
l.6 ...Œè¿›è¡Œäº†è¯¦ç»†è¯´æ˜ï¼Œå¹¶æä¾›äº†ç›¸åº”
                                                  çš„ä»£ç æ ·æœ¬ï¼Œç†è§£äº...

You may provide a definition with
\DeclareUnicodeCharacter 


! LaTeX Error: Unicode character çš„ (U+7684)
               not set up for use with LaTeX.

See the LaTeX manual or LaTeX Companion for explanation.
Type  H <return>  for immediate help.
 ...                                              
                                                  
l.6 ...›è¡Œäº†è¯¦ç»†è¯´æ˜ï¼Œå¹¶æä¾›äº†ç›¸åº”çš„
                                                  ä»£ç æ ·æœ¬ï¼Œç†è§£äº†ä¸...

You may provide a definition with
\DeclareUnicodeCharacter 


! LaTeX Error: Unicode character ä»£ (U+4EE3)
               not set up for use with LaTeX.

See the LaTeX manual or LaTeX Companion for explanation.
Type  H <return>  for immediate help.
 ...                                              
                                                  
l.6 ...Œäº†è¯¦ç»†è¯´æ˜ï¼Œå¹¶æä¾›äº†ç›¸åº”çš„ä»£
                                                  ç æ ·æœ¬ï¼Œç†è§£äº†ä¸Šè¿...

You may provide a definition with
\DeclareUnicodeCharacter 


! LaTeX Error: Unicode character ç  (U+7801)
               not set up for use with LaTeX.

See the LaTeX manual or LaTeX Companion for explanation.
Type  H <return>  for immediate help.
 ...                                              
                                                  
l.6 ...†è¯¦ç»†è¯´æ˜ï¼Œå¹¶æä¾›äº†ç›¸åº”çš„ä»£ç 
                                                  æ ·æœ¬ï¼Œç†è§£äº†ä¸Šè¿°é—...

You may provide a definition with
\DeclareUnicodeCharacter 


! LaTeX Error: Unicode character æ · (U+6837)
               not set up for use with LaTeX.

See the LaTeX manual or LaTeX Companion for explanation.
Type  H <return>  for immediate help.
 ...                                              
                                                  
l.6 ...¦ç»†è¯´æ˜ï¼Œå¹¶æä¾›äº†ç›¸åº”çš„ä»£ç æ ·
                                                  æœ¬ï¼Œç†è§£äº†ä¸Šè¿°é—®é¢...

You may provide a definition with
\DeclareUnicodeCharacter 


! LaTeX Error: Unicode character æœ¬ (U+672C)
               not set up for use with LaTeX.

See the LaTeX manual or LaTeX Companion for explanation.
Type  H <return>  for immediate help.
 ...                                              
                                                  
l.6 ...†è¯´æ˜ï¼Œå¹¶æä¾›äº†ç›¸åº”çš„ä»£ç æ ·æœ¬
                                                  ï¼Œç†è§£äº†ä¸Šè¿°é—®é¢˜å...

You may provide a definition with
\DeclareUnicodeCharacter 


! LaTeX Error: Unicode character ï¼Œ (U+FF0C)
               not set up for use with LaTeX.

See the LaTeX manual or LaTeX Companion for explanation.
Type  H <return>  for immediate help.
 ...                                              
                                                  
l.6 ...´æ˜ï¼Œå¹¶æä¾›äº†ç›¸åº”çš„ä»£ç æ ·æœ¬ï¼Œ
                                                  ç†è§£äº†ä¸Šè¿°é—®é¢˜åï¼...

You may provide a definition with
\DeclareUnicodeCharacter 


! LaTeX Error: Unicode character ç† (U+7406)
               not set up for use with LaTeX.

See the LaTeX manual or LaTeX Companion for explanation.
Type  H <return>  for immediate help.
 ...                                              
                                                  
l.6 ...ï¼Œå¹¶æä¾›äº†ç›¸åº”çš„ä»£ç æ ·æœ¬ï¼Œç†
                                                  è§£äº†ä¸Šè¿°é—®é¢˜åï¼Œå¯...

You may provide a definition with
\DeclareUnicodeCharacter 


! LaTeX Error: Unicode character è§£ (U+89E3)
               not set up for use with LaTeX.

See the LaTeX manual or LaTeX Companion for explanation.
Type  H <return>  for immediate help.
 ...                                              
                                                  
l.6 ...Œå¹¶æä¾›äº†ç›¸åº”çš„ä»£ç æ ·æœ¬ï¼Œç†è§£
                                                  äº†ä¸Šè¿°é—®é¢˜åï¼Œå¯¹äº...

You may provide a definition with
\DeclareUnicodeCharacter 


! LaTeX Error: Unicode character äº† (U+4E86)
               not set up for use with LaTeX.

See the LaTeX manual or LaTeX Companion for explanation.
Type  H <return>  for immediate help.
 ...                                              
                                                  
l.6 ...¶æä¾›äº†ç›¸åº”çš„ä»£ç æ ·æœ¬ï¼Œç†è§£äº†
                                                  ä¸Šè¿°é—®é¢˜åï¼Œå¯¹äºåˆ...

You may provide a definition with
\DeclareUnicodeCharacter 


! LaTeX Error: Unicode character ä¸Š (U+4E0A)
               not set up for use with LaTeX.

See the LaTeX manual or LaTeX Companion for explanation.
Type  H <return>  for immediate help.
 ...                                              
                                                  
l.6 ...ä¾›äº†ç›¸åº”çš„ä»£ç æ ·æœ¬ï¼Œç†è§£äº†ä¸Š
                                                  è¿°é—®é¢˜åï¼Œå¯¹äºåˆå­...

You may provide a definition with
\DeclareUnicodeCharacter 


! LaTeX Error: Unicode character è¿° (U+8FF0)
               not set up for use with LaTeX.

See the LaTeX manual or LaTeX Companion for explanation.
Type  H <return>  for immediate help.
 ...                                              
                                                  
l.6 ...›äº†ç›¸åº”çš„ä»£ç æ ·æœ¬ï¼Œç†è§£äº†ä¸Šè¿°
                                                  é—®é¢˜åï¼Œå¯¹äºåˆå­¦è€...

You may provide a definition with
\DeclareUnicodeCharacter 


! LaTeX Error: Unicode character é—® (U+95EE)
               not set up for use with LaTeX.

See the LaTeX manual or LaTeX Companion for explanation.
Type  H <return>  for immediate help.
 ...                                              
                                                  
l.6 ...†ç›¸åº”çš„ä»£ç æ ·æœ¬ï¼Œç†è§£äº†ä¸Šè¿°é—®
                                                  é¢˜åï¼Œå¯¹äºåˆå­¦è€…è€...

You may provide a definition with
\DeclareUnicodeCharacter 


! LaTeX Error: Unicode character é¢˜ (U+9898)
               not set up for use with LaTeX.

See the LaTeX manual or LaTeX Companion for explanation.
Type  H <return>  for immediate help.
 ...                                              
                                                  
l.6 ...¸åº”çš„ä»£ç æ ·æœ¬ï¼Œç†è§£äº†ä¸Šè¿°é—®é¢˜
                                                  åï¼Œå¯¹äºåˆå­¦è€…è€Œè¨...

You may provide a definition with
\DeclareUnicodeCharacter 


! LaTeX Error: Unicode character å (U+540E)
               not set up for use with LaTeX.

See the LaTeX manual or LaTeX Companion for explanation.
Type  H <return>  for immediate help.
 ...                                              
                                                  
l.6 ...”çš„ä»£ç æ ·æœ¬ï¼Œç†è§£äº†ä¸Šè¿°é—®é¢˜å
                                                  ï¼Œå¯¹äºåˆå­¦è€…è€Œè¨€ï¼...

You may provide a definition with
\DeclareUnicodeCharacter 


! LaTeX Error: Unicode character ï¼Œ (U+FF0C)
               not set up for use with LaTeX.

See the LaTeX manual or LaTeX Companion for explanation.
Type  H <return>  for immediate help.
 ...                                              
                                                  
l.6 ...„ä»£ç æ ·æœ¬ï¼Œç†è§£äº†ä¸Šè¿°é—®é¢˜åï¼Œ
                                                  å¯¹äºåˆå­¦è€…è€Œè¨€ï¼Œä½...

You may provide a definition with
\DeclareUnicodeCharacter 


! LaTeX Error: Unicode character å¯¹ (U+5BF9)
               not set up for use with LaTeX.

See the LaTeX manual or LaTeX Companion for explanation.
Type  H <return>  for immediate help.
 ...                                              
                                                  
l.6 ...£ç æ ·æœ¬ï¼Œç†è§£äº†ä¸Šè¿°é—®é¢˜åï¼Œå¯¹
                                                  äºåˆå­¦è€…è€Œè¨€ï¼Œä½¿ç”...

You may provide a definition with
\DeclareUnicodeCharacter 


! LaTeX Error: Unicode character äº (U+4E8E)
               not set up for use with LaTeX.

See the LaTeX manual or LaTeX Companion for explanation.
Type  H <return>  for immediate help.
 ...                                              
                                                  
l.6 ...æ ·æœ¬ï¼Œç†è§£äº†ä¸Šè¿°é—®é¢˜åï¼Œå¯¹äº
                                                  åˆå­¦è€…è€Œè¨€ï¼Œä½¿ç”¨æ­...

You may provide a definition with
\DeclareUnicodeCharacter 


! LaTeX Error: Unicode character åˆ (U+521D)
               not set up for use with LaTeX.

See the LaTeX manual or LaTeX Companion for explanation.
Type  H <return>  for immediate help.
 ...                                              
                                                  
l.6 ...·æœ¬ï¼Œç†è§£äº†ä¸Šè¿°é—®é¢˜åï¼Œå¯¹äºåˆ
                                                  å­¦è€…è€Œè¨€ï¼Œä½¿ç”¨æ­¤æ¨...

You may provide a definition with
\DeclareUnicodeCharacter 


! LaTeX Error: Unicode character å­¦ (U+5B66)
               not set up for use with LaTeX.

See the LaTeX manual or LaTeX Companion for explanation.
Type  H <return>  for immediate help.
 ...                                              
                                                  
l.6 ...¬ï¼Œç†è§£äº†ä¸Šè¿°é—®é¢˜åï¼Œå¯¹äºåˆå­¦
                                                  è€…è€Œè¨€ï¼Œä½¿ç”¨æ­¤æ¨¡æ...

You may provide a definition with
\DeclareUnicodeCharacter 


! LaTeX Error: Unicode character è€… (U+8005)
               not set up for use with LaTeX.

See the LaTeX manual or LaTeX Companion for explanation.
Type  H <return>  for immediate help.
 ...                                              
                                                  
l.6 ...Œç†è§£äº†ä¸Šè¿°é—®é¢˜åï¼Œå¯¹äºåˆå­¦è€…
                                                  è€Œè¨€ï¼Œä½¿ç”¨æ­¤æ¨¡æ¿æ’...

You may provide a definition with
\DeclareUnicodeCharacter 


! LaTeX Error: Unicode character è€Œ (U+800C)
               not set up for use with LaTeX.

See the LaTeX manual or LaTeX Companion for explanation.
Type  H <return>  for immediate help.
 ...                                              
                                                  
l.6 ...†è§£äº†ä¸Šè¿°é—®é¢˜åï¼Œå¯¹äºåˆå­¦è€…è€Œ
                                                  è¨€ï¼Œä½¿ç”¨æ­¤æ¨¡æ¿æ’°å†...

You may provide a definition with
\DeclareUnicodeCharacter 


! LaTeX Error: Unicode character è¨€ (U+8A00)
               not set up for use with LaTeX.

See the LaTeX manual or LaTeX Companion for explanation.
Type  H <return>  for immediate help.
 ...                                              
                                                  
l.6 ...£äº†ä¸Šè¿°é—®é¢˜åï¼Œå¯¹äºåˆå­¦è€…è€Œè¨€
                                                  ï¼Œä½¿ç”¨æ­¤æ¨¡æ¿æ’°å†™å­...

You may provide a definition with
\DeclareUnicodeCharacter 


! LaTeX Error: Unicode character ï¼Œ (U+FF0C)
               not set up for use with LaTeX.

See the LaTeX manual or LaTeX Companion for explanation.
Type  H <return>  for immediate help.
 ...                                              
                                                  
l.6 ...†ä¸Šè¿°é—®é¢˜åï¼Œå¯¹äºåˆå­¦è€…è€Œè¨€ï¼Œ
                                                  ä½¿ç”¨æ­¤æ¨¡æ¿æ’°å†™å­¦ä½...

You may provide a definition with
\DeclareUnicodeCharacter 


! LaTeX Error: Unicode character ä½¿ (U+4F7F)
               not set up for use with LaTeX.

See the LaTeX manual or LaTeX Companion for explanation.
Type  H <return>  for immediate help.
 ...                                              
                                                  
l.6 ...Šè¿°é—®é¢˜åï¼Œå¯¹äºåˆå­¦è€…è€Œè¨€ï¼Œä½¿
                                                  ç”¨æ­¤æ¨¡æ¿æ’°å†™å­¦ä½è®...
(That makes 100 errors; please try again.) 
Here is how much of TeX's memory you used:
 115 strings out of 478269
 1181 string characters out of 5846373
 289375 words of memory out of 5000000
 18423 multiletter control sequences out of 15000+600000
 469259 words of font info for 28 fonts, out of 8000000 for 9000
 1141 hyphenation exceptions out of 8191
 17i,3n,12p,660b,66s stack positions out of 10000i,1000n,20000p,200000b,200000s

No pages of output.
