This is pdfTeX, Version 3.141592653-2.6-1.40.24 (TeX Live 2022) (preloaded format=latex 2022.4.26)  26 APR 2022 17:00
entering extended mode
 restricted \write18 enabled.
 %&-line parsing enabled.
**Frontpages.tex
(./Frontpages.tex
LaTeX2e <2021-11-15> patch level 1
L3 programming layer <2022-02-24>
! Undefined control sequence.
l.7 \confidential
                 {}% å¯†çº§ï¼šåªæœ‰æ¶‰å¯†è®ºæ–‡æ‰å¡«å†™
The control sequence at the end of the top line
of your error message was never \def'ed. If you have
misspelled it (e.g., `\hobx'), type `I' and the correct
spelling (e.g., `I\hbox'). Otherwise just continue,
and I'll forget about whatever was undefined.

! Undefined control sequence.
l.8 \schoollogo
               {scale=0.2}{ShanghaiTechLogo}% æ ¡å¾½
The control sequence at the end of the top line
of your error message was never \def'ed. If you have
misspelled it (e.g., `\hobx'), type `I' and the correct
spelling (e.g., `I\hbox'). Otherwise just continue,
and I'll forget about whatever was undefined.


! LaTeX Error: Missing \begin{document}.

See the LaTeX manual or LaTeX Companion for explanation.
Type  H <return>  for immediate help.
 ...                                              
                                                  
l.8 \schoollogo{s
                 cale=0.2}{ShanghaiTechLogo}% æ ¡å¾½
You're in trouble here.  Try typing  <return>  to proceed.
If that doesn't work, type  X <return>  to quit.

Missing character: There is no s in font nullfont!
Missing character: There is no c in font nullfont!
Missing character: There is no a in font nullfont!
Missing character: There is no l in font nullfont!
Missing character: There is no e in font nullfont!
Missing character: There is no = in font nullfont!
Missing character: There is no 0 in font nullfont!
Missing character: There is no . in font nullfont!
Missing character: There is no 2 in font nullfont!
Missing character: There is no S in font nullfont!
Missing character: There is no h in font nullfont!
Missing character: There is no a in font nullfont!
Missing character: There is no n in font nullfont!
Missing character: There is no g in font nullfont!
Missing character: There is no h in font nullfont!
Missing character: There is no a in font nullfont!
Missing character: There is no i in font nullfont!
Missing character: There is no T in font nullfont!
Missing character: There is no e in font nullfont!
Missing character: There is no c in font nullfont!
Missing character: There is no h in font nullfont!
Missing character: There is no L in font nullfont!
Missing character: There is no o in font nullfont!
Missing character: There is no g in font nullfont!
Missing character: There is no o in font nullfont!
! Undefined control sequence.
l.12 \ID
        {12345678}
The control sequence at the end of the top line
of your error message was never \def'ed. If you have
misspelled it (e.g., `\hobx'), type `I' and the correct
spelling (e.g., `I\hbox'). Otherwise just continue,
and I'll forget about whatever was undefined.

Missing character: There is no 1 in font nullfont!
Missing character: There is no 2 in font nullfont!
Missing character: There is no 3 in font nullfont!
Missing character: There is no 4 in font nullfont!
Missing character: There is no 5 in font nullfont!
Missing character: There is no 6 in font nullfont!
Missing character: There is no 7 in font nullfont!
Missing character: There is no 8 in font nullfont!
! Undefined control sequence.
l.13 \entranceYear
                  {2016}
The control sequence at the end of the top line
of your error message was never \def'ed. If you have
misspelled it (e.g., `\hobx'), type `I' and the correct
spelling (e.g., `I\hbox'). Otherwise just continue,
and I'll forget about whatever was undefined.

Missing character: There is no 2 in font nullfont!
Missing character: There is no 0 in font nullfont!
Missing character: There is no 1 in font nullfont!
Missing character: There is no 6 in font nullfont!
! Undefined control sequence.
l.14 \advisor
             {å‡çš„æ•™æˆ}% æŒ‡å¯¼æ•™å¸ˆï¼šå§“å
The control sequence at the end of the top line
of your error message was never \def'ed. If you have
misspelled it (e.g., `\hobx'), type `I' and the correct
spelling (e.g., `I\hbox'). Otherwise just continue,
and I'll forget about whatever was undefined.


! LaTeX Error: Unicode character å‡ (U+5047)
               not set up for use with LaTeX.

See the LaTeX manual or LaTeX Companion for explanation.
Type  H <return>  for immediate help.
 ...                                              
                                                  
l.14 \advisor{å‡
                 çš„æ•™æˆ}% æŒ‡å¯¼æ•™å¸ˆï¼šå§“å
You may provide a definition with
\DeclareUnicodeCharacter 


! LaTeX Error: Unicode character çš„ (U+7684)
               not set up for use with LaTeX.

See the LaTeX manual or LaTeX Companion for explanation.
Type  H <return>  for immediate help.
 ...                                              
                                                  
l.14 \advisor{å‡çš„
                    æ•™æˆ}% æŒ‡å¯¼æ•™å¸ˆï¼šå§“å
You may provide a definition with
\DeclareUnicodeCharacter 


! LaTeX Error: Unicode character æ•™ (U+6559)
               not set up for use with LaTeX.

See the LaTeX manual or LaTeX Companion for explanation.
Type  H <return>  for immediate help.
 ...                                              
                                                  
l.14 \advisor{å‡çš„æ•™
                       æˆ}% æŒ‡å¯¼æ•™å¸ˆï¼šå§“å
You may provide a definition with
\DeclareUnicodeCharacter 


! LaTeX Error: Unicode character æˆ (U+6388)
               not set up for use with LaTeX.

See the LaTeX manual or LaTeX Companion for explanation.
Type  H <return>  for immediate help.
 ...                                              
                                                  
l.14 \advisor{å‡çš„æ•™æˆ
                          }% æŒ‡å¯¼æ•™å¸ˆï¼šå§“å
You may provide a definition with
\DeclareUnicodeCharacter 

! Undefined control sequence.
l.15 \advisorsec
                {}% ç¬¬äºŒæŒ‡å¯¼è€å¸ˆï¼šæŒ‰æƒ…å†µå¡«å†™
The control sequence at the end of the top line
of your error message was never \def'ed. If you have
misspelled it (e.g., `\hobx'), type `I' and the correct
spelling (e.g., `I\hbox'). Otherwise just continue,
and I'll forget about whatever was undefined.

! Undefined control sequence.
l.16 \degree
            {å­¦å£«}% å­¦ä½ï¼šå­¦å£«ã€ç¡•å£«ã€åšå£«
The control sequence at the end of the top line
of your error message was never \def'ed. If you have
misspelled it (e.g., `\hobx'), type `I' and the correct
spelling (e.g., `I\hbox'). Otherwise just continue,
and I'll forget about whatever was undefined.


! LaTeX Error: Unicode character å­¦ (U+5B66)
               not set up for use with LaTeX.

See the LaTeX manual or LaTeX Companion for explanation.
Type  H <return>  for immediate help.
 ...                                              
                                                  
l.16 \degree{å­¦
                å£«}% å­¦ä½ï¼šå­¦å£«ã€ç¡•å£«ã€åšå£«
You may provide a definition with
\DeclareUnicodeCharacter 


! LaTeX Error: Unicode character å£« (U+58EB)
               not set up for use with LaTeX.

See the LaTeX manual or LaTeX Companion for explanation.
Type  H <return>  for immediate help.
 ...                                              
                                                  
l.16 \degree{å­¦å£«
                   }% å­¦ä½ï¼šå­¦å£«ã€ç¡•å£«ã€åšå£«
You may provide a definition with
\DeclareUnicodeCharacter 

! Undefined control sequence.
l.17 \degreetype
                {å“²å­¦}% å­¦ä½ç±»åˆ«ï¼šç†å­¦ã€å·¥å­¦ã€å·¥ç¨‹ã€åŒ»å­¦ç­‰
The control sequence at the end of the top line
of your error message was never \def'ed. If you have
misspelled it (e.g., `\hobx'), type `I' and the correct
spelling (e.g., `I\hbox'). Otherwise just continue,
and I'll forget about whatever was undefined.


! LaTeX Error: Unicode character å“² (U+54F2)
               not set up for use with LaTeX.

See the LaTeX manual or LaTeX Companion for explanation.
Type  H <return>  for immediate help.
 ...                                              
                                                  
l.17 \degreetype{å“²
                    å­¦}% å­¦ä½ç±»åˆ«ï¼šç†å­¦ã€å·¥å­¦ã€å·¥ç¨‹ã€åŒ»å­¦ç­‰
You may provide a definition with
\DeclareUnicodeCharacter 


! LaTeX Error: Unicode character å­¦ (U+5B66)
               not set up for use with LaTeX.

See the LaTeX manual or LaTeX Companion for explanation.
Type  H <return>  for immediate help.
 ...                                              
                                                  
l.17 \degreetype{å“²å­¦
                       }% å­¦ä½ç±»åˆ«ï¼šç†å­¦ã€å·¥å­¦ã€å·¥ç¨‹ã€åŒ»å­¦ç­‰
You may provide a definition with
\DeclareUnicodeCharacter 

! Undefined control sequence.
l.18 \major
           {è‹±è¯­å“²å­¦}% äºŒçº§å­¦ç§‘ä¸“ä¸šåç§°
The control sequence at the end of the top line
of your error message was never \def'ed. If you have
misspelled it (e.g., `\hobx'), type `I' and the correct
spelling (e.g., `I\hbox'). Otherwise just continue,
and I'll forget about whatever was undefined.


! LaTeX Error: Unicode character è‹± (U+82F1)
               not set up for use with LaTeX.

See the LaTeX manual or LaTeX Companion for explanation.
Type  H <return>  for immediate help.
 ...                                              
                                                  
l.18 \major{è‹±
               è¯­å“²å­¦}% äºŒçº§å­¦ç§‘ä¸“ä¸šåç§°
You may provide a definition with
\DeclareUnicodeCharacter 


! LaTeX Error: Unicode character è¯­ (U+8BED)
               not set up for use with LaTeX.

See the LaTeX manual or LaTeX Companion for explanation.
Type  H <return>  for immediate help.
 ...                                              
                                                  
l.18 \major{è‹±è¯­
                  å“²å­¦}% äºŒçº§å­¦ç§‘ä¸“ä¸šåç§°
You may provide a definition with
\DeclareUnicodeCharacter 


! LaTeX Error: Unicode character å“² (U+54F2)
               not set up for use with LaTeX.

See the LaTeX manual or LaTeX Companion for explanation.
Type  H <return>  for immediate help.
 ...                                              
                                                  
l.18 \major{è‹±è¯­å“²
                     å­¦}% äºŒçº§å­¦ç§‘ä¸“ä¸šåç§°
You may provide a definition with
\DeclareUnicodeCharacter 


! LaTeX Error: Unicode character å­¦ (U+5B66)
               not set up for use with LaTeX.

See the LaTeX manual or LaTeX Companion for explanation.
Type  H <return>  for immediate help.
 ...                                              
                                                  
l.18 \major{è‹±è¯­å“²å­¦
                        }% äºŒçº§å­¦ç§‘ä¸“ä¸šåç§°
You may provide a definition with
\DeclareUnicodeCharacter 

! Undefined control sequence.
l.19 \institute
               {ä¸Šæµ·ç§‘æŠ€å¤§å­¦å¤–è¯­å­¦é™¢}% é™¢ç³»åç§°
The control sequence at the end of the top line
of your error message was never \def'ed. If you have
misspelled it (e.g., `\hobx'), type `I' and the correct
spelling (e.g., `I\hbox'). Otherwise just continue,
and I'll forget about whatever was undefined.


! LaTeX Error: Unicode character ä¸Š (U+4E0A)
               not set up for use with LaTeX.

See the LaTeX manual or LaTeX Companion for explanation.
Type  H <return>  for immediate help.
 ...                                              
                                                  
l.19 \institute{ä¸Š
                   æµ·ç§‘æŠ€å¤§å­¦å¤–è¯­å­¦é™¢}% é™¢ç³»åç§°
You may provide a definition with
\DeclareUnicodeCharacter 


! LaTeX Error: Unicode character æµ· (U+6D77)
               not set up for use with LaTeX.

See the LaTeX manual or LaTeX Companion for explanation.
Type  H <return>  for immediate help.
 ...                                              
                                                  
l.19 \institute{ä¸Šæµ·
                      ç§‘æŠ€å¤§å­¦å¤–è¯­å­¦é™¢}% é™¢ç³»åç§°
You may provide a definition with
\DeclareUnicodeCharacter 


! LaTeX Error: Unicode character ç§‘ (U+79D1)
               not set up for use with LaTeX.

See the LaTeX manual or LaTeX Companion for explanation.
Type  H <return>  for immediate help.
 ...                                              
                                                  
l.19 \institute{ä¸Šæµ·ç§‘
                         æŠ€å¤§å­¦å¤–è¯­å­¦é™¢}% é™¢ç³»åç§°
You may provide a definition with
\DeclareUnicodeCharacter 


! LaTeX Error: Unicode character æŠ€ (U+6280)
               not set up for use with LaTeX.

See the LaTeX manual or LaTeX Companion for explanation.
Type  H <return>  for immediate help.
 ...                                              
                                                  
l.19 \institute{ä¸Šæµ·ç§‘æŠ€
                            å¤§å­¦å¤–è¯­å­¦é™¢}% é™¢ç³»åç§°
You may provide a definition with
\DeclareUnicodeCharacter 


! LaTeX Error: Unicode character å¤§ (U+5927)
               not set up for use with LaTeX.

See the LaTeX manual or LaTeX Companion for explanation.
Type  H <return>  for immediate help.
 ...                                              
                                                  
l.19 \institute{ä¸Šæµ·ç§‘æŠ€å¤§
                               å­¦å¤–è¯­å­¦é™¢}% é™¢ç³»åç§°
You may provide a definition with
\DeclareUnicodeCharacter 


! LaTeX Error: Unicode character å­¦ (U+5B66)
               not set up for use with LaTeX.

See the LaTeX manual or LaTeX Companion for explanation.
Type  H <return>  for immediate help.
 ...                                              
                                                  
l.19 \institute{ä¸Šæµ·ç§‘æŠ€å¤§å­¦
                                  å¤–è¯­å­¦é™¢}% é™¢ç³»åç§°
You may provide a definition with
\DeclareUnicodeCharacter 


! LaTeX Error: Unicode character å¤– (U+5916)
               not set up for use with LaTeX.

See the LaTeX manual or LaTeX Companion for explanation.
Type  H <return>  for immediate help.
 ...                                              
                                                  
l.19 \institute{ä¸Šæµ·ç§‘æŠ€å¤§å­¦å¤–
                                     è¯­å­¦é™¢}% é™¢ç³»åç§°
You may provide a definition with
\DeclareUnicodeCharacter 


! LaTeX Error: Unicode character è¯­ (U+8BED)
               not set up for use with LaTeX.

See the LaTeX manual or LaTeX Companion for explanation.
Type  H <return>  for immediate help.
 ...                                              
                                                  
l.19 \institute{ä¸Šæµ·ç§‘æŠ€å¤§å­¦å¤–è¯­
                                        å­¦é™¢}% é™¢ç³»åç§°
You may provide a definition with
\DeclareUnicodeCharacter 


! LaTeX Error: Unicode character å­¦ (U+5B66)
               not set up for use with LaTeX.

See the LaTeX manual or LaTeX Companion for explanation.
Type  H <return>  for immediate help.
 ...                                              
                                                  
l.19 \institute{ä¸Šæµ·ç§‘æŠ€å¤§å­¦å¤–è¯­å­¦
                                           é™¢}% é™¢ç³»åç§°
You may provide a definition with
\DeclareUnicodeCharacter 


! LaTeX Error: Unicode character é™¢ (U+9662)
               not set up for use with LaTeX.

See the LaTeX manual or LaTeX Companion for explanation.
Type  H <return>  for immediate help.
 ...                                              
                                                  
l.19 \institute{ä¸Šæµ·ç§‘æŠ€å¤§å­¦å¤–è¯­å­¦é™¢
                                              }% é™¢ç³»åç§°
You may provide a definition with
\DeclareUnicodeCharacter 

! Undefined control sequence.
l.20 \chinesedate
                 {äºŒé›¶ä¸€\quad~å¹´~\quad~æœˆ}% æ¯•ä¸šæ—¥æœŸï¼šå¤å­£ä¸º6æœ...
The control sequence at the end of the top line
of your error message was never \def'ed. If you have
misspelled it (e.g., `\hobx'), type `I' and the correct
spelling (e.g., `I\hbox'). Otherwise just continue,
and I'll forget about whatever was undefined.


! LaTeX Error: Unicode character äºŒ (U+4E8C)
               not set up for use with LaTeX.

See the LaTeX manual or LaTeX Companion for explanation.
Type  H <return>  for immediate help.
 ...                                              
                                                  
l.20 \chinesedate{äºŒ
                     é›¶ä¸€\quad~å¹´~\quad~æœˆ}% æ¯•ä¸šæ—¥æœŸï¼šå¤å­£ä¸º6æœ...

You may provide a definition with
\DeclareUnicodeCharacter 


! LaTeX Error: Unicode character é›¶ (U+96F6)
               not set up for use with LaTeX.

See the LaTeX manual or LaTeX Companion for explanation.
Type  H <return>  for immediate help.
 ...                                              
                                                  
l.20 \chinesedate{äºŒé›¶
                        ä¸€\quad~å¹´~\quad~æœˆ}% æ¯•ä¸šæ—¥æœŸï¼šå¤å­£ä¸º6æœ...

You may provide a definition with
\DeclareUnicodeCharacter 


! LaTeX Error: Unicode character ä¸€ (U+4E00)
               not set up for use with LaTeX.

See the LaTeX manual or LaTeX Companion for explanation.
Type  H <return>  for immediate help.
 ...                                              
                                                  
l.20 \chinesedate{äºŒé›¶ä¸€
                           \quad~å¹´~\quad~æœˆ}% æ¯•ä¸šæ—¥æœŸï¼šå¤å­£ä¸º6æœ...

You may provide a definition with
\DeclareUnicodeCharacter 


! LaTeX Error: Unicode character å¹´ (U+5E74)
               not set up for use with LaTeX.

See the LaTeX manual or LaTeX Companion for explanation.
Type  H <return>  for immediate help.
 ...                                              
                                                  
l.20 \chinesedate{äºŒé›¶ä¸€\quad~å¹´
                                    ~\quad~æœˆ}% æ¯•ä¸šæ—¥æœŸï¼šå¤å­£ä¸º6æœ...

You may provide a definition with
\DeclareUnicodeCharacter 


! LaTeX Error: Unicode character æœˆ (U+6708)
               not set up for use with LaTeX.

See the LaTeX manual or LaTeX Companion for explanation.
Type  H <return>  for immediate help.
 ...                                              
                                                  
l.20 \chinesedate{äºŒé›¶ä¸€\quad~å¹´~\quad~æœˆ
                                              }% æ¯•ä¸šæ—¥æœŸï¼šå¤å­£ä¸º6æœ...

You may provide a definition with
\DeclareUnicodeCharacter 

! Undefined control sequence.
l.24 \englishtitle
                  {A Brilliant Work}% è®ºæ–‡è‹±æ–‡é¢˜ç›®
The control sequence at the end of the top line
of your error message was never \def'ed. If you have
misspelled it (e.g., `\hobx'), type `I' and the correct
spelling (e.g., `I\hbox'). Otherwise just continue,
and I'll forget about whatever was undefined.

Missing character: There is no A in font nullfont!
Missing character: There is no B in font nullfont!
Missing character: There is no r in font nullfont!
Missing character: There is no i in font nullfont!
Missing character: There is no l in font nullfont!
Missing character: There is no l in font nullfont!
Missing character: There is no i in font nullfont!
Missing character: There is no a in font nullfont!
Missing character: There is no n in font nullfont!
Missing character: There is no t in font nullfont!
Missing character: There is no W in font nullfont!
Missing character: There is no o in font nullfont!
Missing character: There is no r in font nullfont!
Missing character: There is no k in font nullfont!
! Undefined control sequence.
l.25 \englishauthor
                   {Fake Student}% è®ºæ–‡ä½œè€…
The control sequence at the end of the top line
of your error message was never \def'ed. If you have
misspelled it (e.g., `\hobx'), type `I' and the correct
spelling (e.g., `I\hbox'). Otherwise just continue,
and I'll forget about whatever was undefined.

Missing character: There is no F in font nullfont!
Missing character: There is no a in font nullfont!
Missing character: There is no k in font nullfont!
Missing character: There is no e in font nullfont!
Missing character: There is no S in font nullfont!
Missing character: There is no t in font nullfont!
Missing character: There is no u in font nullfont!
Missing character: There is no d in font nullfont!
Missing character: There is no e in font nullfont!
Missing character: There is no n in font nullfont!
Missing character: There is no t in font nullfont!
! Undefined control sequence.
l.26 \englishadvisor
                    {Supervisor: Fake Professor}% æŒ‡å¯¼æ•™å¸ˆ
The control sequence at the end of the top line
of your error message was never \def'ed. If you have
misspelled it (e.g., `\hobx'), type `I' and the correct
spelling (e.g., `I\hbox'). Otherwise just continue,
and I'll forget about whatever was undefined.

Missing character: There is no S in font nullfont!
Missing character: There is no u in font nullfont!
Missing character: There is no p in font nullfont!
Missing character: There is no e in font nullfont!
Missing character: There is no r in font nullfont!
Missing character: There is no v in font nullfont!
Missing character: There is no i in font nullfont!
Missing character: There is no s in font nullfont!
Missing character: There is no o in font nullfont!
Missing character: There is no r in font nullfont!
Missing character: There is no : in font nullfont!
Missing character: There is no F in font nullfont!
Missing character: There is no a in font nullfont!
Missing character: There is no k in font nullfont!
Missing character: There is no e in font nullfont!
Missing character: There is no P in font nullfont!
Missing character: There is no r in font nullfont!
Missing character: There is no o in font nullfont!
Missing character: There is no f in font nullfont!
Missing character: There is no e in font nullfont!
Missing character: There is no s in font nullfont!
Missing character: There is no s in font nullfont!
Missing character: There is no o in font nullfont!
Missing character: There is no r in font nullfont!
! Undefined control sequence.
l.27 \englishdegree
                   {Bachelor}% å­¦ä½ï¼šBachelor, Master, Doctorã€‚å°é¢æ ¼...
The control sequence at the end of the top line
of your error message was never \def'ed. If you have
misspelled it (e.g., `\hobx'), type `I' and the correct
spelling (e.g., `I\hbox'). Otherwise just continue,
and I'll forget about whatever was undefined.

Missing character: There is no B in font nullfont!
Missing character: There is no a in font nullfont!
Missing character: There is no c in font nullfont!
Missing character: There is no h in font nullfont!
Missing character: There is no e in font nullfont!
Missing character: There is no l in font nullfont!
Missing character: There is no o in font nullfont!
Missing character: There is no r in font nullfont!
! Undefined control sequence.
l.28 \englishdegreetype
                       {Philosophy}% å­¦ä½ç±»åˆ«ï¼šPhilosophy, Natural Scie...
The control sequence at the end of the top line
of your error message was never \def'ed. If you have
misspelled it (e.g., `\hobx'), type `I' and the correct
spelling (e.g., `I\hbox'). Otherwise just continue,
and I'll forget about whatever was undefined.

Missing character: There is no P in font nullfont!
Missing character: There is no h in font nullfont!
Missing character: There is no i in font nullfont!
Missing character: There is no l in font nullfont!
Missing character: There is no o in font nullfont!
Missing character: There is no s in font nullfont!
Missing character: There is no o in font nullfont!
Missing character: There is no p in font nullfont!
Missing character: There is no h in font nullfont!
Missing character: There is no y in font nullfont!
! Undefined control sequence.
l.29 \englishthesistype
                       {thesis}% è®ºæ–‡ç±»å‹ï¼š thesis, dissertation
The control sequence at the end of the top line
of your error message was never \def'ed. If you have
misspelled it (e.g., `\hobx'), type `I' and the correct
spelling (e.g., `I\hbox'). Otherwise just continue,
and I'll forget about whatever was undefined.

Missing character: There is no t in font nullfont!
Missing character: There is no h in font nullfont!
Missing character: There is no e in font nullfont!
Missing character: There is no s in font nullfont!
Missing character: There is no i in font nullfont!
Missing character: There is no s in font nullfont!
! Undefined control sequence.
l.30 \englishmajor
                  {English Philosophy}% äºŒçº§å­¦ç§‘ä¸“ä¸šåç§°
The control sequence at the end of the top line
of your error message was never \def'ed. If you have
misspelled it (e.g., `\hobx'), type `I' and the correct
spelling (e.g., `I\hbox'). Otherwise just continue,
and I'll forget about whatever was undefined.

Missing character: There is no E in font nullfont!
Missing character: There is no n in font nullfont!
Missing character: There is no g in font nullfont!
Missing character: There is no l in font nullfont!
Missing character: There is no i in font nullfont!
Missing character: There is no s in font nullfont!
Missing character: There is no h in font nullfont!
Missing character: There is no P in font nullfont!
Missing character: There is no h in font nullfont!
Missing character: There is no i in font nullfont!
Missing character: There is no l in font nullfont!
Missing character: There is no o in font nullfont!
Missing character: There is no s in font nullfont!
Missing character: There is no o in font nullfont!
Missing character: There is no p in font nullfont!
Missing character: There is no h in font nullfont!
Missing character: There is no y in font nullfont!
! Undefined control sequence.
l.31 \englishinstitute
                      {School of Foreign Language}% é™¢ç³»åç§°
The control sequence at the end of the top line
of your error message was never \def'ed. If you have
misspelled it (e.g., `\hobx'), type `I' and the correct
spelling (e.g., `I\hbox'). Otherwise just continue,
and I'll forget about whatever was undefined.

Missing character: There is no S in font nullfont!
Missing character: There is no c in font nullfont!
Missing character: There is no h in font nullfont!
Missing character: There is no o in font nullfont!
Missing character: There is no o in font nullfont!
Missing character: There is no l in font nullfont!
Missing character: There is no o in font nullfont!
Missing character: There is no f in font nullfont!
Missing character: There is no F in font nullfont!
Missing character: There is no o in font nullfont!
Missing character: There is no r in font nullfont!
Missing character: There is no e in font nullfont!
Missing character: There is no i in font nullfont!
Missing character: There is no g in font nullfont!
Missing character: There is no n in font nullfont!
Missing character: There is no L in font nullfont!
Missing character: There is no a in font nullfont!
Missing character: There is no n in font nullfont!
Missing character: There is no g in font nullfont!
Missing character: There is no u in font nullfont!
Missing character: There is no a in font nullfont!
Missing character: There is no g in font nullfont!
Missing character: There is no e in font nullfont!
! Undefined control sequence.
l.32 \englishdate
                 {\quad / \quad /\quad}% æ¯•ä¸šæ—¥æœŸï¼šå¤å­£ä¸ºJuneã€å†¬å...
The control sequence at the end of the top line
of your error message was never \def'ed. If you have
misspelled it (e.g., `\hobx'), type `I' and the correct
spelling (e.g., `I\hbox'). Otherwise just continue,
and I'll forget about whatever was undefined.

Missing character: There is no / in font nullfont!
Missing character: There is no / in font nullfont!

Overfull \hbox (20.0pt too wide) in paragraph at lines 8--49
[]
 []

! Undefined control sequence.
l.50 \chapter
             *{æ‘˜\quad è¦}\chaptermark{æ‘˜\quad è¦}% æ‘˜è¦æ ‡é¢˜
The control sequence at the end of the top line
of your error message was never \def'ed. If you have
misspelled it (e.g., `\hobx'), type `I' and the correct
spelling (e.g., `I\hbox'). Otherwise just continue,
and I'll forget about whatever was undefined.


! LaTeX Error: Missing \begin{document}.

See the LaTeX manual or LaTeX Companion for explanation.
Type  H <return>  for immediate help.
 ...                                              
                                                  
l.50 \chapter*
              {æ‘˜\quad è¦}\chaptermark{æ‘˜\quad è¦}% æ‘˜è¦æ ‡é¢˜
You're in trouble here.  Try typing  <return>  to proceed.
If that doesn't work, type  X <return>  to quit.

Missing character: There is no * in font nullfont!

! LaTeX Error: Unicode character æ‘˜ (U+6458)
               not set up for use with LaTeX.

See the LaTeX manual or LaTeX Companion for explanation.
Type  H <return>  for immediate help.
 ...                                              
                                                  
l.50 \chapter*{æ‘˜
                  \quad è¦}\chaptermark{æ‘˜\quad è¦}% æ‘˜è¦æ ‡é¢˜
You may provide a definition with
\DeclareUnicodeCharacter 


! LaTeX Error: Unicode character è¦ (U+8981)
               not set up for use with LaTeX.

See the LaTeX manual or LaTeX Companion for explanation.
Type  H <return>  for immediate help.
 ...                                              
                                                  
l.50 \chapter*{æ‘˜\quad è¦
                           }\chaptermark{æ‘˜\quad è¦}% æ‘˜è¦æ ‡é¢˜
You may provide a definition with
\DeclareUnicodeCharacter 

! Undefined control sequence.
l.50 \chapter*{æ‘˜\quad è¦}\chaptermark
                                        {æ‘˜\quad è¦}% æ‘˜è¦æ ‡é¢˜
The control sequence at the end of the top line
of your error message was never \def'ed. If you have
misspelled it (e.g., `\hobx'), type `I' and the correct
spelling (e.g., `I\hbox'). Otherwise just continue,
and I'll forget about whatever was undefined.


! LaTeX Error: Unicode character æ‘˜ (U+6458)
               not set up for use with LaTeX.

See the LaTeX manual or LaTeX Companion for explanation.
Type  H <return>  for immediate help.
 ...                                              
                                                  
l.50 \chapter*{æ‘˜\quad è¦}\chaptermark{æ‘˜
                                            \quad è¦}% æ‘˜è¦æ ‡é¢˜
You may provide a definition with
\DeclareUnicodeCharacter 


! LaTeX Error: Unicode character è¦ (U+8981)
               not set up for use with LaTeX.

See the LaTeX manual or LaTeX Companion for explanation.
Type  H <return>  for immediate help.
 ...                                              
                                                  
l.50 ...er*{æ‘˜\quad è¦}\chaptermark{æ‘˜\quad è¦
                                                  }% æ‘˜è¦æ ‡é¢˜
You may provide a definition with
\DeclareUnicodeCharacter 


Overfull \hbox (20.0pt too wide) in paragraph at lines 50--53
[]
 []


! LaTeX Error: Unicode character æœ¬ (U+672C)
               not set up for use with LaTeX.

See the LaTeX manual or LaTeX Companion for explanation.
Type  H <return>  for immediate help.
 ...                                              
                                                  
l.54 æœ¬
        æ–‡æ˜¯ä¿®æ”¹è‡ªä¸­å›½ç§‘å­¦é™¢å¤§å­¦å­¦ä½è®ºæ–‡æ¨¡æ¿ucasthesisçš„ä...

You may provide a definition with
\DeclareUnicodeCharacter 


! LaTeX Error: Unicode character æ–‡ (U+6587)
               not set up for use with LaTeX.

See the LaTeX manual or LaTeX Companion for explanation.
Type  H <return>  for immediate help.
 ...                                              
                                                  
l.54 æœ¬æ–‡
           æ˜¯ä¿®æ”¹è‡ªä¸­å›½ç§‘å­¦é™¢å¤§å­¦å­¦ä½è®ºæ–‡æ¨¡æ¿ucasthesisçš„ä...

You may provide a definition with
\DeclareUnicodeCharacter 


! LaTeX Error: Unicode character æ˜¯ (U+662F)
               not set up for use with LaTeX.

See the LaTeX manual or LaTeX Companion for explanation.
Type  H <return>  for immediate help.
 ...                                              
                                                  
l.54 æœ¬æ–‡æ˜¯
              ä¿®æ”¹è‡ªä¸­å›½ç§‘å­¦é™¢å¤§å­¦å­¦ä½è®ºæ–‡æ¨¡æ¿ucasthesisçš„ä...

You may provide a definition with
\DeclareUnicodeCharacter 


! LaTeX Error: Unicode character ä¿® (U+4FEE)
               not set up for use with LaTeX.

See the LaTeX manual or LaTeX Companion for explanation.
Type  H <return>  for immediate help.
 ...                                              
                                                  
l.54 æœ¬æ–‡æ˜¯ä¿®
                 æ”¹è‡ªä¸­å›½ç§‘å­¦é™¢å¤§å­¦å­¦ä½è®ºæ–‡æ¨¡æ¿ucasthesisçš„ä...

You may provide a definition with
\DeclareUnicodeCharacter 


! LaTeX Error: Unicode character æ”¹ (U+6539)
               not set up for use with LaTeX.

See the LaTeX manual or LaTeX Companion for explanation.
Type  H <return>  for immediate help.
 ...                                              
                                                  
l.54 æœ¬æ–‡æ˜¯ä¿®æ”¹
                    è‡ªä¸­å›½ç§‘å­¦é™¢å¤§å­¦å­¦ä½è®ºæ–‡æ¨¡æ¿ucasthesisçš„ä...

You may provide a definition with
\DeclareUnicodeCharacter 


! LaTeX Error: Unicode character è‡ª (U+81EA)
               not set up for use with LaTeX.

See the LaTeX manual or LaTeX Companion for explanation.
Type  H <return>  for immediate help.
 ...                                              
                                                  
l.54 æœ¬æ–‡æ˜¯ä¿®æ”¹è‡ª
                       ä¸­å›½ç§‘å­¦é™¢å¤§å­¦å­¦ä½è®ºæ–‡æ¨¡æ¿ucasthesisçš„ä...

You may provide a definition with
\DeclareUnicodeCharacter 


! LaTeX Error: Unicode character ä¸­ (U+4E2D)
               not set up for use with LaTeX.

See the LaTeX manual or LaTeX Companion for explanation.
Type  H <return>  for immediate help.
 ...                                              
                                                  
l.54 æœ¬æ–‡æ˜¯ä¿®æ”¹è‡ªä¸­
                          å›½ç§‘å­¦é™¢å¤§å­¦å­¦ä½è®ºæ–‡æ¨¡æ¿ucasthesisçš„ä...

You may provide a definition with
\DeclareUnicodeCharacter 


! LaTeX Error: Unicode character å›½ (U+56FD)
               not set up for use with LaTeX.

See the LaTeX manual or LaTeX Companion for explanation.
Type  H <return>  for immediate help.
 ...                                              
                                                  
l.54 æœ¬æ–‡æ˜¯ä¿®æ”¹è‡ªä¸­å›½
                             ç§‘å­¦é™¢å¤§å­¦å­¦ä½è®ºæ–‡æ¨¡æ¿ucasthesisçš„ä...

You may provide a definition with
\DeclareUnicodeCharacter 


! LaTeX Error: Unicode character ç§‘ (U+79D1)
               not set up for use with LaTeX.

See the LaTeX manual or LaTeX Companion for explanation.
Type  H <return>  for immediate help.
 ...                                              
                                                  
l.54 æœ¬æ–‡æ˜¯ä¿®æ”¹è‡ªä¸­å›½ç§‘
                                å­¦é™¢å¤§å­¦å­¦ä½è®ºæ–‡æ¨¡æ¿ucasthesisçš„ä...

You may provide a definition with
\DeclareUnicodeCharacter 


! LaTeX Error: Unicode character å­¦ (U+5B66)
               not set up for use with LaTeX.

See the LaTeX manual or LaTeX Companion for explanation.
Type  H <return>  for immediate help.
 ...                                              
                                                  
l.54 æœ¬æ–‡æ˜¯ä¿®æ”¹è‡ªä¸­å›½ç§‘å­¦
                                   é™¢å¤§å­¦å­¦ä½è®ºæ–‡æ¨¡æ¿ucasthesisçš„ä...

You may provide a definition with
\DeclareUnicodeCharacter 


! LaTeX Error: Unicode character é™¢ (U+9662)
               not set up for use with LaTeX.

See the LaTeX manual or LaTeX Companion for explanation.
Type  H <return>  for immediate help.
 ...                                              
                                                  
l.54 æœ¬æ–‡æ˜¯ä¿®æ”¹è‡ªä¸­å›½ç§‘å­¦é™¢
                                      å¤§å­¦å­¦ä½è®ºæ–‡æ¨¡æ¿ucasthesisçš„ä...

You may provide a definition with
\DeclareUnicodeCharacter 


! LaTeX Error: Unicode character å¤§ (U+5927)
               not set up for use with LaTeX.

See the LaTeX manual or LaTeX Companion for explanation.
Type  H <return>  for immediate help.
 ...                                              
                                                  
l.54 æœ¬æ–‡æ˜¯ä¿®æ”¹è‡ªä¸­å›½ç§‘å­¦é™¢å¤§
                                         å­¦å­¦ä½è®ºæ–‡æ¨¡æ¿ucasthesisçš„ä...

You may provide a definition with
\DeclareUnicodeCharacter 


! LaTeX Error: Unicode character å­¦ (U+5B66)
               not set up for use with LaTeX.

See the LaTeX manual or LaTeX Companion for explanation.
Type  H <return>  for immediate help.
 ...                                              
                                                  
l.54 æœ¬æ–‡æ˜¯ä¿®æ”¹è‡ªä¸­å›½ç§‘å­¦é™¢å¤§å­¦
                                            å­¦ä½è®ºæ–‡æ¨¡æ¿ucasthesisçš„ä...

You may provide a definition with
\DeclareUnicodeCharacter 


! LaTeX Error: Unicode character å­¦ (U+5B66)
               not set up for use with LaTeX.

See the LaTeX manual or LaTeX Companion for explanation.
Type  H <return>  for immediate help.
 ...                                              
                                                  
l.54 æœ¬æ–‡æ˜¯ä¿®æ”¹è‡ªä¸­å›½ç§‘å­¦é™¢å¤§å­¦å­¦
                                               ä½è®ºæ–‡æ¨¡æ¿ucasthesisçš„ä...

You may provide a definition with
\DeclareUnicodeCharacter 


! LaTeX Error: Unicode character ä½ (U+4F4D)
               not set up for use with LaTeX.

See the LaTeX manual or LaTeX Companion for explanation.
Type  H <return>  for immediate help.
 ...                                              
                                                  
l.54 æœ¬æ–‡æ˜¯ä¿®æ”¹è‡ªä¸­å›½ç§‘å­¦é™¢å¤§å­¦å­¦ä½
                                                  è®ºæ–‡æ¨¡æ¿ucasthesisçš„ä...

You may provide a definition with
\DeclareUnicodeCharacter 


! LaTeX Error: Unicode character è®º (U+8BBA)
               not set up for use with LaTeX.

See the LaTeX manual or LaTeX Companion for explanation.
Type  H <return>  for immediate help.
 ...                                              
                                                  
l.54 ...æ˜¯ä¿®æ”¹è‡ªä¸­å›½ç§‘å­¦é™¢å¤§å­¦å­¦ä½è®º
                                                  æ–‡æ¨¡æ¿ucasthesisçš„ä½¿ç...

You may provide a definition with
\DeclareUnicodeCharacter 


! LaTeX Error: Unicode character æ–‡ (U+6587)
               not set up for use with LaTeX.

See the LaTeX manual or LaTeX Companion for explanation.
Type  H <return>  for immediate help.
 ...                                              
                                                  
l.54 ...ä¿®æ”¹è‡ªä¸­å›½ç§‘å­¦é™¢å¤§å­¦å­¦ä½è®ºæ–‡
                                                  æ¨¡æ¿ucasthesisçš„ä½¿ç”¨è...

You may provide a definition with
\DeclareUnicodeCharacter 


! LaTeX Error: Unicode character æ¨¡ (U+6A21)
               not set up for use with LaTeX.

See the LaTeX manual or LaTeX Companion for explanation.
Type  H <return>  for immediate help.
 ...                                              
                                                  
l.54 ...æ”¹è‡ªä¸­å›½ç§‘å­¦é™¢å¤§å­¦å­¦ä½è®ºæ–‡æ¨¡
                                                  æ¿ucasthesisçš„ä½¿ç”¨è¯´æ...

You may provide a definition with
\DeclareUnicodeCharacter 


! LaTeX Error: Unicode character æ¿ (U+677F)
               not set up for use with LaTeX.

See the LaTeX manual or LaTeX Companion for explanation.
Type  H <return>  for immediate help.
 ...                                              
                                                  
l.54 ...è‡ªä¸­å›½ç§‘å­¦é™¢å¤§å­¦å­¦ä½è®ºæ–‡æ¨¡æ¿
                                                  ucasthesisçš„ä½¿ç”¨è¯´æ˜æ...

You may provide a definition with
\DeclareUnicodeCharacter 


! LaTeX Error: Missing \begin{document}.

See the LaTeX manual or LaTeX Companion for explanation.
Type  H <return>  for immediate help.
 ...                                              
                                                  
l.54 ...‡ªä¸­å›½ç§‘å­¦é™¢å¤§å­¦å­¦ä½è®ºæ–‡æ¨¡æ¿u
                                                  casthesisçš„ä½¿ç”¨è¯´æ˜æ–...

You're in trouble here.  Try typing  <return>  to proceed.
If that doesn't work, type  X <return>  to quit.

Missing character: There is no u in font nullfont!
Missing character: There is no c in font nullfont!
Missing character: There is no a in font nullfont!
Missing character: There is no s in font nullfont!
Missing character: There is no t in font nullfont!
Missing character: There is no h in font nullfont!
Missing character: There is no e in font nullfont!
Missing character: There is no s in font nullfont!
Missing character: There is no i in font nullfont!
Missing character: There is no s in font nullfont!

! LaTeX Error: Unicode character çš„ (U+7684)
               not set up for use with LaTeX.

See the LaTeX manual or LaTeX Companion for explanation.
Type  H <return>  for immediate help.
 ...                                              
                                                  
l.54 ...­¦é™¢å¤§å­¦å­¦ä½è®ºæ–‡æ¨¡æ¿ucasthesisçš„
                                                  ä½¿ç”¨è¯´æ˜æ–‡æ¡£çš„ä¸Šæµ...

You may provide a definition with
\DeclareUnicodeCharacter 


! LaTeX Error: Unicode character ä½¿ (U+4F7F)
               not set up for use with LaTeX.

See the LaTeX manual or LaTeX Companion for explanation.
Type  H <return>  for immediate help.
 ...                                              
                                                  
l.54 ...™¢å¤§å­¦å­¦ä½è®ºæ–‡æ¨¡æ¿ucasthesisçš„ä½¿
                                                  ç”¨è¯´æ˜æ–‡æ¡£çš„ä¸Šæµ·ç§...

You may provide a definition with
\DeclareUnicodeCharacter 


! LaTeX Error: Unicode character ç”¨ (U+7528)
               not set up for use with LaTeX.

See the LaTeX manual or LaTeX Companion for explanation.
Type  H <return>  for immediate help.
 ...                                              
                                                  
l.54 ...¤§å­¦å­¦ä½è®ºæ–‡æ¨¡æ¿ucasthesisçš„ä½¿ç”¨
                                                  è¯´æ˜æ–‡æ¡£çš„ä¸Šæµ·ç§‘æŠ...

You may provide a definition with
\DeclareUnicodeCharacter 


! LaTeX Error: Unicode character è¯´ (U+8BF4)
               not set up for use with LaTeX.

See the LaTeX manual or LaTeX Companion for explanation.
Type  H <return>  for immediate help.
 ...                                              
                                                  
l.54 ...­¦å­¦ä½è®ºæ–‡æ¨¡æ¿ucasthesisçš„ä½¿ç”¨è¯´
                                                  æ˜æ–‡æ¡£çš„ä¸Šæµ·ç§‘æŠ€å¤...

You may provide a definition with
\DeclareUnicodeCharacter 


! LaTeX Error: Unicode character æ˜ (U+660E)
               not set up for use with LaTeX.

See the LaTeX manual or LaTeX Companion for explanation.
Type  H <return>  for immediate help.
 ...                                              
                                                  
l.54 ...­¦ä½è®ºæ–‡æ¨¡æ¿ucasthesisçš„ä½¿ç”¨è¯´æ˜
                                                  æ–‡æ¡£çš„ä¸Šæµ·ç§‘æŠ€å¤§å­...

You may provide a definition with
\DeclareUnicodeCharacter 


! LaTeX Error: Unicode character æ–‡ (U+6587)
               not set up for use with LaTeX.

See the LaTeX manual or LaTeX Companion for explanation.
Type  H <return>  for immediate help.
 ...                                              
                                                  
l.54 ...½è®ºæ–‡æ¨¡æ¿ucasthesisçš„ä½¿ç”¨è¯´æ˜æ–‡
                                                  æ¡£çš„ä¸Šæµ·ç§‘æŠ€å¤§å­¦å­...

You may provide a definition with
\DeclareUnicodeCharacter 


! LaTeX Error: Unicode character æ¡£ (U+6863)
               not set up for use with LaTeX.

See the LaTeX manual or LaTeX Companion for explanation.
Type  H <return>  for immediate help.
 ...                                              
                                                  
l.54 ...®ºæ–‡æ¨¡æ¿ucasthesisçš„ä½¿ç”¨è¯´æ˜æ–‡æ¡£
                                                  çš„ä¸Šæµ·ç§‘æŠ€å¤§å­¦å­¦ä½...

You may provide a definition with
\DeclareUnicodeCharacter 


! LaTeX Error: Unicode character çš„ (U+7684)
               not set up for use with LaTeX.

See the LaTeX manual or LaTeX Companion for explanation.
Type  H <return>  for immediate help.
 ...                                              
                                                  
l.54 ...–‡æ¨¡æ¿ucasthesisçš„ä½¿ç”¨è¯´æ˜æ–‡æ¡£çš„
                                                  ä¸Šæµ·ç§‘æŠ€å¤§å­¦å­¦ä½è®...

You may provide a definition with
\DeclareUnicodeCharacter 


! LaTeX Error: Unicode character ä¸Š (U+4E0A)
               not set up for use with LaTeX.

See the LaTeX manual or LaTeX Companion for explanation.
Type  H <return>  for immediate help.
 ...                                              
                                                  
l.54 ...¨¡æ¿ucasthesisçš„ä½¿ç”¨è¯´æ˜æ–‡æ¡£çš„ä¸Š
                                                  æµ·ç§‘æŠ€å¤§å­¦å­¦ä½è®ºæ–...

You may provide a definition with
\DeclareUnicodeCharacter 


! LaTeX Error: Unicode character æµ· (U+6D77)
               not set up for use with LaTeX.

See the LaTeX manual or LaTeX Companion for explanation.
Type  H <return>  for immediate help.
 ...                                              
                                                  
l.54 ...¿ucasthesisçš„ä½¿ç”¨è¯´æ˜æ–‡æ¡£çš„ä¸Šæµ·
                                                  ç§‘æŠ€å¤§å­¦å­¦ä½è®ºæ–‡æ¨...

You may provide a definition with
\DeclareUnicodeCharacter 


! LaTeX Error: Unicode character ç§‘ (U+79D1)
               not set up for use with LaTeX.

See the LaTeX manual or LaTeX Companion for explanation.
Type  H <return>  for immediate help.
 ...                                              
                                                  
l.54 ...casthesisçš„ä½¿ç”¨è¯´æ˜æ–‡æ¡£çš„ä¸Šæµ·ç§‘
                                                  æŠ€å¤§å­¦å­¦ä½è®ºæ–‡æ¨¡æ...

You may provide a definition with
\DeclareUnicodeCharacter 


! LaTeX Error: Unicode character æŠ€ (U+6280)
               not set up for use with LaTeX.

See the LaTeX manual or LaTeX Companion for explanation.
Type  H <return>  for immediate help.
 ...                                              
                                                  
l.54 ...thesisçš„ä½¿ç”¨è¯´æ˜æ–‡æ¡£çš„ä¸Šæµ·ç§‘æŠ€
                                                  å¤§å­¦å­¦ä½è®ºæ–‡æ¨¡æ¿ä½...

You may provide a definition with
\DeclareUnicodeCharacter 


! LaTeX Error: Unicode character å¤§ (U+5927)
               not set up for use with LaTeX.

See the LaTeX manual or LaTeX Companion for explanation.
Type  H <return>  for immediate help.
 ...                                              
                                                  
l.54 ...sisçš„ä½¿ç”¨è¯´æ˜æ–‡æ¡£çš„ä¸Šæµ·ç§‘æŠ€å¤§
                                                  å­¦å­¦ä½è®ºæ–‡æ¨¡æ¿ä½¿ç”...

You may provide a definition with
\DeclareUnicodeCharacter 


! LaTeX Error: Unicode character å­¦ (U+5B66)
               not set up for use with LaTeX.

See the LaTeX manual or LaTeX Companion for explanation.
Type  H <return>  for immediate help.
 ...                                              
                                                  
l.54 ...çš„ä½¿ç”¨è¯´æ˜æ–‡æ¡£çš„ä¸Šæµ·ç§‘æŠ€å¤§å­¦
                                                  å­¦ä½è®ºæ–‡æ¨¡æ¿ä½¿ç”¨è¯...

You may provide a definition with
\DeclareUnicodeCharacter 


! LaTeX Error: Unicode character å­¦ (U+5B66)
               not set up for use with LaTeX.

See the LaTeX manual or LaTeX Companion for explanation.
Type  H <return>  for immediate help.
 ...                                              
                                                  
l.54 ...ä½¿ç”¨è¯´æ˜æ–‡æ¡£çš„ä¸Šæµ·ç§‘æŠ€å¤§å­¦å­¦
                                                  ä½è®ºæ–‡æ¨¡æ¿ä½¿ç”¨è¯´æ˜...

You may provide a definition with
\DeclareUnicodeCharacter 


! LaTeX Error: Unicode character ä½ (U+4F4D)
               not set up for use with LaTeX.

See the LaTeX manual or LaTeX Companion for explanation.
Type  H <return>  for immediate help.
 ...                                              
                                                  
l.54 ...ç”¨è¯´æ˜æ–‡æ¡£çš„ä¸Šæµ·ç§‘æŠ€å¤§å­¦å­¦ä½
                                                  è®ºæ–‡æ¨¡æ¿ä½¿ç”¨è¯´æ˜æ–...

You may provide a definition with
\DeclareUnicodeCharacter 


! LaTeX Error: Unicode character è®º (U+8BBA)
               not set up for use with LaTeX.

See the LaTeX manual or LaTeX Companion for explanation.
Type  H <return>  for immediate help.
 ...                                              
                                                  
l.54 ...è¯´æ˜æ–‡æ¡£çš„ä¸Šæµ·ç§‘æŠ€å¤§å­¦å­¦ä½è®º
                                                  æ–‡æ¨¡æ¿ä½¿ç”¨è¯´æ˜æ–‡æ¡...

You may provide a definition with
\DeclareUnicodeCharacter 


! LaTeX Error: Unicode character æ–‡ (U+6587)
               not set up for use with LaTeX.

See the LaTeX manual or LaTeX Companion for explanation.
Type  H <return>  for immediate help.
 ...                                              
                                                  
l.54 ...æ˜æ–‡æ¡£çš„ä¸Šæµ·ç§‘æŠ€å¤§å­¦å­¦ä½è®ºæ–‡
                                                  æ¨¡æ¿ä½¿ç”¨è¯´æ˜æ–‡æ¡£ã€...

You may provide a definition with
\DeclareUnicodeCharacter 


! LaTeX Error: Unicode character æ¨¡ (U+6A21)
               not set up for use with LaTeX.

See the LaTeX manual or LaTeX Companion for explanation.
Type  H <return>  for immediate help.
 ...                                              
                                                  
l.54 ...æ–‡æ¡£çš„ä¸Šæµ·ç§‘æŠ€å¤§å­¦å­¦ä½è®ºæ–‡æ¨¡
                                                  æ¿ä½¿ç”¨è¯´æ˜æ–‡æ¡£ã€‚ä¸...

You may provide a definition with
\DeclareUnicodeCharacter 


! LaTeX Error: Unicode character æ¿ (U+677F)
               not set up for use with LaTeX.

See the LaTeX manual or LaTeX Companion for explanation.
Type  H <return>  for immediate help.
 ...                                              
                                                  
l.54 ...æ¡£çš„ä¸Šæµ·ç§‘æŠ€å¤§å­¦å­¦ä½è®ºæ–‡æ¨¡æ¿
                                                  ä½¿ç”¨è¯´æ˜æ–‡æ¡£ã€‚ä¸»è¦...

You may provide a definition with
\DeclareUnicodeCharacter 


! LaTeX Error: Unicode character ä½¿ (U+4F7F)
               not set up for use with LaTeX.

See the LaTeX manual or LaTeX Companion for explanation.
Type  H <return>  for immediate help.
 ...                                              
                                                  
l.54 ...çš„ä¸Šæµ·ç§‘æŠ€å¤§å­¦å­¦ä½è®ºæ–‡æ¨¡æ¿ä½¿
                                                  ç”¨è¯´æ˜æ–‡æ¡£ã€‚ä¸»è¦å†...

You may provide a definition with
\DeclareUnicodeCharacter 


! LaTeX Error: Unicode character ç”¨ (U+7528)
               not set up for use with LaTeX.

See the LaTeX manual or LaTeX Companion for explanation.
Type  H <return>  for immediate help.
 ...                                              
                                                  
l.54 ...ä¸Šæµ·ç§‘æŠ€å¤§å­¦å­¦ä½è®ºæ–‡æ¨¡æ¿ä½¿ç”¨
                                                  è¯´æ˜æ–‡æ¡£ã€‚ä¸»è¦å†…å®...

You may provide a definition with
\DeclareUnicodeCharacter 


! LaTeX Error: Unicode character è¯´ (U+8BF4)
               not set up for use with LaTeX.

See the LaTeX manual or LaTeX Companion for explanation.
Type  H <return>  for immediate help.
 ...                                              
                                                  
l.54 ...æµ·ç§‘æŠ€å¤§å­¦å­¦ä½è®ºæ–‡æ¨¡æ¿ä½¿ç”¨è¯´
                                                  æ˜æ–‡æ¡£ã€‚ä¸»è¦å†…å®¹ä¸...

You may provide a definition with
\DeclareUnicodeCharacter 


! LaTeX Error: Unicode character æ˜ (U+660E)
               not set up for use with LaTeX.

See the LaTeX manual or LaTeX Companion for explanation.
Type  H <return>  for immediate help.
 ...                                              
                                                  
l.54 ...ç§‘æŠ€å¤§å­¦å­¦ä½è®ºæ–‡æ¨¡æ¿ä½¿ç”¨è¯´æ˜
                                                  æ–‡æ¡£ã€‚ä¸»è¦å†…å®¹ä¸ºä»...

You may provide a definition with
\DeclareUnicodeCharacter 


! LaTeX Error: Unicode character æ–‡ (U+6587)
               not set up for use with LaTeX.

See the LaTeX manual or LaTeX Companion for explanation.
Type  H <return>  for immediate help.
 ...                                              
                                                  
l.54 ...æŠ€å¤§å­¦å­¦ä½è®ºæ–‡æ¨¡æ¿ä½¿ç”¨è¯´æ˜æ–‡
                                                  æ¡£ã€‚ä¸»è¦å†…å®¹ä¸ºä»‹ç»...

You may provide a definition with
\DeclareUnicodeCharacter 


! LaTeX Error: Unicode character æ¡£ (U+6863)
               not set up for use with LaTeX.

See the LaTeX manual or LaTeX Companion for explanation.
Type  H <return>  for immediate help.
 ...                                              
                                                  
l.54 ...å¤§å­¦å­¦ä½è®ºæ–‡æ¨¡æ¿ä½¿ç”¨è¯´æ˜æ–‡æ¡£
                                                  ã€‚ä¸»è¦å†…å®¹ä¸ºä»‹ç»\L...

You may provide a definition with
\DeclareUnicodeCharacter 


! LaTeX Error: Unicode character ã€‚ (U+3002)
               not set up for use with LaTeX.

See the LaTeX manual or LaTeX Companion for explanation.
Type  H <return>  for immediate help.
 ...                                              
                                                  
l.54 ...å­¦å­¦ä½è®ºæ–‡æ¨¡æ¿ä½¿ç”¨è¯´æ˜æ–‡æ¡£ã€‚
                                                  ä¸»è¦å†…å®¹ä¸ºä»‹ç»\LaTe...

You may provide a definition with
\DeclareUnicodeCharacter 


! LaTeX Error: Unicode character ä¸» (U+4E3B)
               not set up for use with LaTeX.

See the LaTeX manual or LaTeX Companion for explanation.
Type  H <return>  for immediate help.
 ...                                              
                                                  
l.54 ...å­¦ä½è®ºæ–‡æ¨¡æ¿ä½¿ç”¨è¯´æ˜æ–‡æ¡£ã€‚ä¸»
                                                  è¦å†…å®¹ä¸ºä»‹ç»\LaTeX{}...

You may provide a definition with
\DeclareUnicodeCharacter 


! LaTeX Error: Unicode character è¦ (U+8981)
               not set up for use with LaTeX.

See the LaTeX manual or LaTeX Companion for explanation.
Type  H <return>  for immediate help.
 ...                                              
                                                  
l.54 ...ä½è®ºæ–‡æ¨¡æ¿ä½¿ç”¨è¯´æ˜æ–‡æ¡£ã€‚ä¸»è¦
                                                  å†…å®¹ä¸ºä»‹ç»\LaTeX{}æ–‡...

You may provide a definition with
\DeclareUnicodeCharacter 


! LaTeX Error: Unicode character å†… (U+5185)
               not set up for use with LaTeX.

See the LaTeX manual or LaTeX Companion for explanation.
Type  H <return>  for immediate help.
 ...                                              
                                                  
l.54 ...è®ºæ–‡æ¨¡æ¿ä½¿ç”¨è¯´æ˜æ–‡æ¡£ã€‚ä¸»è¦å†…
                                                  å®¹ä¸ºä»‹ç»\LaTeX{}æ–‡æ¡£...

You may provide a definition with
\DeclareUnicodeCharacter 


! LaTeX Error: Unicode character å®¹ (U+5BB9)
               not set up for use with LaTeX.

See the LaTeX manual or LaTeX Companion for explanation.
Type  H <return>  for immediate help.
 ...                                              
                                                  
l.54 ...æ–‡æ¨¡æ¿ä½¿ç”¨è¯´æ˜æ–‡æ¡£ã€‚ä¸»è¦å†…å®¹
                                                  ä¸ºä»‹ç»\LaTeX{}æ–‡æ¡£ç±»...

You may provide a definition with
\DeclareUnicodeCharacter 


! LaTeX Error: Unicode character ä¸º (U+4E3A)
               not set up for use with LaTeX.

See the LaTeX manual or LaTeX Companion for explanation.
Type  H <return>  for immediate help.
 ...                                              
                                                  
l.54 ...æ¨¡æ¿ä½¿ç”¨è¯´æ˜æ–‡æ¡£ã€‚ä¸»è¦å†…å®¹ä¸º
                                                  ä»‹ç»\LaTeX{}æ–‡æ¡£ç±»uca...

You may provide a definition with
\DeclareUnicodeCharacter 


! LaTeX Error: Unicode character ä»‹ (U+4ECB)
               not set up for use with LaTeX.

See the LaTeX manual or LaTeX Companion for explanation.
Type  H <return>  for immediate help.
 ...                                              
                                                  
l.54 ...æ¿ä½¿ç”¨è¯´æ˜æ–‡æ¡£ã€‚ä¸»è¦å†…å®¹ä¸ºä»‹
                                                  ç»\LaTeX{}æ–‡æ¡£ç±»ucasth...

You may provide a definition with
\DeclareUnicodeCharacter 


! LaTeX Error: Unicode character ç» (U+7ECD)
               not set up for use with LaTeX.

See the LaTeX manual or LaTeX Companion for explanation.
Type  H <return>  for immediate help.
 ...                                              
                                                  
l.54 ...ä½¿ç”¨è¯´æ˜æ–‡æ¡£ã€‚ä¸»è¦å†…å®¹ä¸ºä»‹ç»
                                                  \LaTeX{}æ–‡æ¡£ç±»ucasthesi...

You may provide a definition with
\DeclareUnicodeCharacter 

Missing character: There is no L in font nullfont!
Missing character: There is no T in font nullfont!
LaTeX Font Info:    External font `cmex10' loaded for size
(Font)              <7> on input line 54.
LaTeX Font Info:    External font `cmex10' loaded for size
(Font)              <5> on input line 54.
Missing character: There is no T in font nullfont!
Missing character: There is no E in font nullfont!
Missing character: There is no X in font nullfont!

! LaTeX Error: Unicode character æ–‡ (U+6587)
               not set up for use with LaTeX.

See the LaTeX manual or LaTeX Companion for explanation.
Type  H <return>  for immediate help.
 ...                                              
                                                  
l.54 ...æ–‡æ¡£ã€‚ä¸»è¦å†…å®¹ä¸ºä»‹ç»\LaTeX{}æ–‡
                                                  æ¡£ç±»ucasthesisçš„ç”¨æ³•ï...

You may provide a definition with
\DeclareUnicodeCharacter 


! LaTeX Error: Unicode character æ¡£ (U+6863)
               not set up for use with LaTeX.

See the LaTeX manual or LaTeX Companion for explanation.
Type  H <return>  for immediate help.
 ...                                              
                                                  
l.54 ...‡æ¡£ã€‚ä¸»è¦å†…å®¹ä¸ºä»‹ç»\LaTeX{}æ–‡æ¡£
                                                  ç±»ucasthesisçš„ç”¨æ³•ï¼Œä...

You may provide a definition with
\DeclareUnicodeCharacter 


! LaTeX Error: Unicode character ç±» (U+7C7B)
               not set up for use with LaTeX.

See the LaTeX manual or LaTeX Companion for explanation.
Type  H <return>  for immediate help.
 ...                                              
                                                  
l.54 ...£ã€‚ä¸»è¦å†…å®¹ä¸ºä»‹ç»\LaTeX{}æ–‡æ¡£ç±»
                                                  ucasthesisçš„ç”¨æ³•ï¼Œä»¥å...

You may provide a definition with
\DeclareUnicodeCharacter 

Missing character: There is no u in font nullfont!
Missing character: There is no c in font nullfont!
Missing character: There is no a in font nullfont!
Missing character: There is no s in font nullfont!
Missing character: There is no t in font nullfont!
Missing character: There is no h in font nullfont!
Missing character: There is no e in font nullfont!
Missing character: There is no s in font nullfont!
Missing character: There is no i in font nullfont!
Missing character: There is no s in font nullfont!

! LaTeX Error: Unicode character çš„ (U+7684)
               not set up for use with LaTeX.

See the LaTeX manual or LaTeX Companion for explanation.
Type  H <return>  for immediate help.
 ...                                              
                                                  
l.54 ...å®¹ä¸ºä»‹ç»\LaTeX{}æ–‡æ¡£ç±»ucasthesisçš„
                                                  ç”¨æ³•ï¼Œä»¥åŠå¦‚ä½•ä½¿ç”...

You may provide a definition with
\DeclareUnicodeCharacter 


! LaTeX Error: Unicode character ç”¨ (U+7528)
               not set up for use with LaTeX.

See the LaTeX manual or LaTeX Companion for explanation.
Type  H <return>  for immediate help.
 ...                                              
                                                  
l.54 ...ä¸ºä»‹ç»\LaTeX{}æ–‡æ¡£ç±»ucasthesisçš„ç”¨
                                                  æ³•ï¼Œä»¥åŠå¦‚ä½•ä½¿ç”¨\L...

You may provide a definition with
\DeclareUnicodeCharacter 


! LaTeX Error: Unicode character æ³• (U+6CD5)
               not set up for use with LaTeX.

See the LaTeX manual or LaTeX Companion for explanation.
Type  H <return>  for immediate help.
 ...                                              
                                                  
l.54 ...ä»‹ç»\LaTeX{}æ–‡æ¡£ç±»ucasthesisçš„ç”¨æ³•
                                                  ï¼Œä»¥åŠå¦‚ä½•ä½¿ç”¨\LaTe...

You may provide a definition with
\DeclareUnicodeCharacter 


! LaTeX Error: Unicode character ï¼Œ (U+FF0C)
               not set up for use with LaTeX.

See the LaTeX manual or LaTeX Companion for explanation.
Type  H <return>  for immediate help.
 ...                                              
                                                  
l.54 ...ç»\LaTeX{}æ–‡æ¡£ç±»ucasthesisçš„ç”¨æ³•ï¼Œ
                                                  ä»¥åŠå¦‚ä½•ä½¿ç”¨\LaTeX{}...

You may provide a definition with
\DeclareUnicodeCharacter 


! LaTeX Error: Unicode character ä»¥ (U+4EE5)
               not set up for use with LaTeX.

See the LaTeX manual or LaTeX Companion for explanation.
Type  H <return>  for immediate help.
 ...                                              
                                                  
l.54 ...\LaTeX{}æ–‡æ¡£ç±»ucasthesisçš„ç”¨æ³•ï¼Œä»¥
                                                  åŠå¦‚ä½•ä½¿ç”¨\LaTeX{}å¿«...

You may provide a definition with
\DeclareUnicodeCharacter 


! LaTeX Error: Unicode character åŠ (U+53CA)
               not set up for use with LaTeX.

See the LaTeX manual or LaTeX Companion for explanation.
Type  H <return>  for immediate help.
 ...                                              
                                                  
l.54 ...TeX{}æ–‡æ¡£ç±»ucasthesisçš„ç”¨æ³•ï¼Œä»¥åŠ
                                                  å¦‚ä½•ä½¿ç”¨\LaTeX{}å¿«é€Ÿ...

You may provide a definition with
\DeclareUnicodeCharacter 


! LaTeX Error: Unicode character å¦‚ (U+5982)
               not set up for use with LaTeX.

See the LaTeX manual or LaTeX Companion for explanation.
Type  H <return>  for immediate help.
 ...                                              
                                                  
l.54 ...{}æ–‡æ¡£ç±»ucasthesisçš„ç”¨æ³•ï¼Œä»¥åŠå¦‚
                                                  ä½•ä½¿ç”¨\LaTeX{}å¿«é€Ÿé«˜...

You may provide a definition with
\DeclareUnicodeCharacter 


! LaTeX Error: Unicode character ä½• (U+4F55)
               not set up for use with LaTeX.

See the LaTeX manual or LaTeX Companion for explanation.
Type  H <return>  for immediate help.
 ...                                              
                                                  
l.54 ...–‡æ¡£ç±»ucasthesisçš„ç”¨æ³•ï¼Œä»¥åŠå¦‚ä½•
                                                  ä½¿ç”¨\LaTeX{}å¿«é€Ÿé«˜æ•ˆ...

You may provide a definition with
\DeclareUnicodeCharacter 


! LaTeX Error: Unicode character ä½¿ (U+4F7F)
               not set up for use with LaTeX.

See the LaTeX manual or LaTeX Companion for explanation.
Type  H <return>  for immediate help.
 ...                                              
                                                  
l.54 ...¡£ç±»ucasthesisçš„ç”¨æ³•ï¼Œä»¥åŠå¦‚ä½•ä½¿
                                                  ç”¨\LaTeX{}å¿«é€Ÿé«˜æ•ˆåœ°...

You may provide a definition with
\DeclareUnicodeCharacter 


! LaTeX Error: Unicode character ç”¨ (U+7528)
               not set up for use with LaTeX.

See the LaTeX manual or LaTeX Companion for explanation.
Type  H <return>  for immediate help.
 ...                                              
                                                  
l.54 ...±»ucasthesisçš„ç”¨æ³•ï¼Œä»¥åŠå¦‚ä½•ä½¿ç”¨
                                                  \LaTeX{}å¿«é€Ÿé«˜æ•ˆåœ°æ’°...

You may provide a definition with
\DeclareUnicodeCharacter 

Missing character: There is no L in font nullfont!
Missing character: There is no T in font nullfont!
Missing character: There is no T in font nullfont!
Missing character: There is no E in font nullfont!
Missing character: There is no X in font nullfont!

! LaTeX Error: Unicode character å¿« (U+5FEB)
               not set up for use with LaTeX.

See the LaTeX manual or LaTeX Companion for explanation.
Type  H <return>  for immediate help.
 ...                                              
                                                  
l.54 ...sçš„ç”¨æ³•ï¼Œä»¥åŠå¦‚ä½•ä½¿ç”¨\LaTeX{}å¿«
                                                  é€Ÿé«˜æ•ˆåœ°æ’°å†™å­¦ä½è®...

You may provide a definition with
\DeclareUnicodeCharacter 


! LaTeX Error: Unicode character é€Ÿ (U+901F)
               not set up for use with LaTeX.

See the LaTeX manual or LaTeX Companion for explanation.
Type  H <return>  for immediate help.
 ...                                              
                                                  
l.54 ...„ç”¨æ³•ï¼Œä»¥åŠå¦‚ä½•ä½¿ç”¨\LaTeX{}å¿«é€Ÿ
                                                  é«˜æ•ˆåœ°æ’°å†™å­¦ä½è®ºæ–...

You may provide a definition with
\DeclareUnicodeCharacter 


! LaTeX Error: Unicode character é«˜ (U+9AD8)
               not set up for use with LaTeX.

See the LaTeX manual or LaTeX Companion for explanation.
Type  H <return>  for immediate help.
 ...                                              
                                                  
l.54 ...¨æ³•ï¼Œä»¥åŠå¦‚ä½•ä½¿ç”¨\LaTeX{}å¿«é€Ÿé«˜
                                                  æ•ˆåœ°æ’°å†™å­¦ä½è®ºæ–‡ã€‚
You may provide a definition with
\DeclareUnicodeCharacter 


! LaTeX Error: Unicode character æ•ˆ (U+6548)
               not set up for use with LaTeX.

See the LaTeX manual or LaTeX Companion for explanation.
Type  H <return>  for immediate help.
 ...                                              
                                                  
l.54 ...•ï¼Œä»¥åŠå¦‚ä½•ä½¿ç”¨\LaTeX{}å¿«é€Ÿé«˜æ•ˆ
                                                  åœ°æ’°å†™å­¦ä½è®ºæ–‡ã€‚
You may provide a definition with
\DeclareUnicodeCharacter 


! LaTeX Error: Unicode character åœ° (U+5730)
               not set up for use with LaTeX.

See the LaTeX manual or LaTeX Companion for explanation.
Type  H <return>  for immediate help.
 ...                                              
                                                  
l.54 ...Œä»¥åŠå¦‚ä½•ä½¿ç”¨\LaTeX{}å¿«é€Ÿé«˜æ•ˆåœ°
                                                  æ’°å†™å­¦ä½è®ºæ–‡ã€‚
You may provide a definition with
\DeclareUnicodeCharacter 


! LaTeX Error: Unicode character æ’° (U+64B0)
               not set up for use with LaTeX.

See the LaTeX manual or LaTeX Companion for explanation.
Type  H <return>  for immediate help.
 ...                                              
                                                  
l.54 ...¥åŠå¦‚ä½•ä½¿ç”¨\LaTeX{}å¿«é€Ÿé«˜æ•ˆåœ°æ’°
                                                  å†™å­¦ä½è®ºæ–‡ã€‚
You may provide a definition with
\DeclareUnicodeCharacter 


! LaTeX Error: Unicode character å†™ (U+5199)
               not set up for use with LaTeX.

See the LaTeX manual or LaTeX Companion for explanation.
Type  H <return>  for immediate help.
 ...                                              
                                                  
l.54 ...Šå¦‚ä½•ä½¿ç”¨\LaTeX{}å¿«é€Ÿé«˜æ•ˆåœ°æ’°å†™
                                                  å­¦ä½è®ºæ–‡ã€‚
You may provide a definition with
\DeclareUnicodeCharacter 


! LaTeX Error: Unicode character å­¦ (U+5B66)
               not set up for use with LaTeX.

See the LaTeX manual or LaTeX Companion for explanation.
Type  H <return>  for immediate help.
 ...                                              
                                                  
l.54 ...‚ä½•ä½¿ç”¨\LaTeX{}å¿«é€Ÿé«˜æ•ˆåœ°æ’°å†™å­¦
                                                  ä½è®ºæ–‡ã€‚
You may provide a definition with
\DeclareUnicodeCharacter 


! LaTeX Error: Unicode character ä½ (U+4F4D)
               not set up for use with LaTeX.

See the LaTeX manual or LaTeX Companion for explanation.
Type  H <return>  for immediate help.
 ...                                              
                                                  
l.54 ...•ä½¿ç”¨\LaTeX{}å¿«é€Ÿé«˜æ•ˆåœ°æ’°å†™å­¦ä½
                                                  è®ºæ–‡ã€‚
You may provide a definition with
\DeclareUnicodeCharacter 


! LaTeX Error: Unicode character è®º (U+8BBA)
               not set up for use with LaTeX.

See the LaTeX manual or LaTeX Companion for explanation.
Type  H <return>  for immediate help.
 ...                                              
                                                  
l.54 ...¿ç”¨\LaTeX{}å¿«é€Ÿé«˜æ•ˆåœ°æ’°å†™å­¦ä½è®º
                                                  æ–‡ã€‚
You may provide a definition with
\DeclareUnicodeCharacter 


! LaTeX Error: Unicode character æ–‡ (U+6587)
               not set up for use with LaTeX.

See the LaTeX manual or LaTeX Companion for explanation.
Type  H <return>  for immediate help.
 ...                                              
                                                  
l.54 ...¨\LaTeX{}å¿«é€Ÿé«˜æ•ˆåœ°æ’°å†™å­¦ä½è®ºæ–‡
                                                  ã€‚
You may provide a definition with
\DeclareUnicodeCharacter 


! LaTeX Error: Unicode character ã€‚ (U+3002)
               not set up for use with LaTeX.

See the LaTeX manual or LaTeX Companion for explanation.
Type  H <return>  for immediate help.
 ...                                              
                                                  
l.54 ...aTeX{}å¿«é€Ÿé«˜æ•ˆåœ°æ’°å†™å­¦ä½è®ºæ–‡ã€‚
                                                  
You may provide a definition with
\DeclareUnicodeCharacter 


Overfull \hbox (31.80563pt too wide) in paragraph at lines 54--55
[][][][][] 
 []

! Undefined control sequence.
l.56 \keywords
              {ä¸Šæµ·ç§‘æŠ€å¤§å­¦ï¼Œå­¦ä½è®ºæ–‡ï¼Œ\LaTeX{}æ¨¡æ¿}% ä¸­æ–‡å…...
The control sequence at the end of the top line
of your error message was never \def'ed. If you have
misspelled it (e.g., `\hobx'), type `I' and the correct
spelling (e.g., `I\hbox'). Otherwise just continue,
and I'll forget about whatever was undefined.


! LaTeX Error: Unicode character ä¸Š (U+4E0A)
               not set up for use with LaTeX.

See the LaTeX manual or LaTeX Companion for explanation.
Type  H <return>  for immediate help.
 ...                                              
                                                  
l.56 \keywords{ä¸Š
                  æµ·ç§‘æŠ€å¤§å­¦ï¼Œå­¦ä½è®ºæ–‡ï¼Œ\LaTeX{}æ¨¡æ¿}% ä¸­æ–‡å…...

You may provide a definition with
\DeclareUnicodeCharacter 


! LaTeX Error: Unicode character æµ· (U+6D77)
               not set up for use with LaTeX.

See the LaTeX manual or LaTeX Companion for explanation.
Type  H <return>  for immediate help.
 ...                                              
                                                  
l.56 \keywords{ä¸Šæµ·
                     ç§‘æŠ€å¤§å­¦ï¼Œå­¦ä½è®ºæ–‡ï¼Œ\LaTeX{}æ¨¡æ¿}% ä¸­æ–‡å…...

You may provide a definition with
\DeclareUnicodeCharacter 


! LaTeX Error: Unicode character ç§‘ (U+79D1)
               not set up for use with LaTeX.

See the LaTeX manual or LaTeX Companion for explanation.
Type  H <return>  for immediate help.
 ...                                              
                                                  
l.56 \keywords{ä¸Šæµ·ç§‘
                        æŠ€å¤§å­¦ï¼Œå­¦ä½è®ºæ–‡ï¼Œ\LaTeX{}æ¨¡æ¿}% ä¸­æ–‡å…...

You may provide a definition with
\DeclareUnicodeCharacter 


! LaTeX Error: Unicode character æŠ€ (U+6280)
               not set up for use with LaTeX.

See the LaTeX manual or LaTeX Companion for explanation.
Type  H <return>  for immediate help.
 ...                                              
                                                  
l.56 \keywords{ä¸Šæµ·ç§‘æŠ€
                           å¤§å­¦ï¼Œå­¦ä½è®ºæ–‡ï¼Œ\LaTeX{}æ¨¡æ¿}% ä¸­æ–‡å…...

You may provide a definition with
\DeclareUnicodeCharacter 


! LaTeX Error: Unicode character å¤§ (U+5927)
               not set up for use with LaTeX.

See the LaTeX manual or LaTeX Companion for explanation.
Type  H <return>  for immediate help.
 ...                                              
                                                  
l.56 \keywords{ä¸Šæµ·ç§‘æŠ€å¤§
                              å­¦ï¼Œå­¦ä½è®ºæ–‡ï¼Œ\LaTeX{}æ¨¡æ¿}% ä¸­æ–‡å…...

You may provide a definition with
\DeclareUnicodeCharacter 


! LaTeX Error: Unicode character å­¦ (U+5B66)
               not set up for use with LaTeX.

See the LaTeX manual or LaTeX Companion for explanation.
Type  H <return>  for immediate help.
 ...                                              
                                                  
l.56 \keywords{ä¸Šæµ·ç§‘æŠ€å¤§å­¦
                                 ï¼Œå­¦ä½è®ºæ–‡ï¼Œ\LaTeX{}æ¨¡æ¿}% ä¸­æ–‡å…...

You may provide a definition with
\DeclareUnicodeCharacter 


! LaTeX Error: Unicode character ï¼Œ (U+FF0C)
               not set up for use with LaTeX.

See the LaTeX manual or LaTeX Companion for explanation.
Type  H <return>  for immediate help.
 ...                                              
                                                  
l.56 \keywords{ä¸Šæµ·ç§‘æŠ€å¤§å­¦ï¼Œ
                                    å­¦ä½è®ºæ–‡ï¼Œ\LaTeX{}æ¨¡æ¿}% ä¸­æ–‡å…...

You may provide a definition with
\DeclareUnicodeCharacter 


! LaTeX Error: Unicode character å­¦ (U+5B66)
               not set up for use with LaTeX.

See the LaTeX manual or LaTeX Companion for explanation.
Type  H <return>  for immediate help.
 ...                                              
                                                  
l.56 \keywords{ä¸Šæµ·ç§‘æŠ€å¤§å­¦ï¼Œå­¦
                                       ä½è®ºæ–‡ï¼Œ\LaTeX{}æ¨¡æ¿}% ä¸­æ–‡å…...

You may provide a definition with
\DeclareUnicodeCharacter 


! LaTeX Error: Unicode character ä½ (U+4F4D)
               not set up for use with LaTeX.

See the LaTeX manual or LaTeX Companion for explanation.
Type  H <return>  for immediate help.
 ...                                              
                                                  
l.56 \keywords{ä¸Šæµ·ç§‘æŠ€å¤§å­¦ï¼Œå­¦ä½
                                          è®ºæ–‡ï¼Œ\LaTeX{}æ¨¡æ¿}% ä¸­æ–‡å…...

You may provide a definition with
\DeclareUnicodeCharacter 


! LaTeX Error: Unicode character è®º (U+8BBA)
               not set up for use with LaTeX.

See the LaTeX manual or LaTeX Companion for explanation.
Type  H <return>  for immediate help.
 ...                                              
                                                  
l.56 \keywords{ä¸Šæµ·ç§‘æŠ€å¤§å­¦ï¼Œå­¦ä½è®º
                                             æ–‡ï¼Œ\LaTeX{}æ¨¡æ¿}% ä¸­æ–‡å…...

You may provide a definition with
\DeclareUnicodeCharacter 


! LaTeX Error: Unicode character æ–‡ (U+6587)
               not set up for use with LaTeX.

See the LaTeX manual or LaTeX Companion for explanation.
Type  H <return>  for immediate help.
 ...                                              
                                                  
l.56 \keywords{ä¸Šæµ·ç§‘æŠ€å¤§å­¦ï¼Œå­¦ä½è®ºæ–‡
                                                ï¼Œ\LaTeX{}æ¨¡æ¿}% ä¸­æ–‡å…...

You may provide a definition with
\DeclareUnicodeCharacter 


! LaTeX Error: Unicode character ï¼Œ (U+FF0C)
               not set up for use with LaTeX.

See the LaTeX manual or LaTeX Companion for explanation.
Type  H <return>  for immediate help.
 ...                                              
                                                  
l.56 ...words{ä¸Šæµ·ç§‘æŠ€å¤§å­¦ï¼Œå­¦ä½è®ºæ–‡ï¼Œ
                                                  \LaTeX{}æ¨¡æ¿}% ä¸­æ–‡å…³...

You may provide a definition with
\DeclareUnicodeCharacter 


! LaTeX Error: Missing \begin{document}.

See the LaTeX manual or LaTeX Companion for explanation.
Type  H <return>  for immediate help.
 ...                                              
                                                  
l.56 ...ä¸Šæµ·ç§‘æŠ€å¤§å­¦ï¼Œå­¦ä½è®ºæ–‡ï¼Œ\LaTeX
                                                  {}æ¨¡æ¿}% ä¸­æ–‡å…³é”®è¯
You're in trouble here.  Try typing  <return>  to proceed.
If that doesn't work, type  X <return>  to quit.

Missing character: There is no L in font nullfont!
Missing character: There is no T in font nullfont!
Missing character: There is no T in font nullfont!
Missing character: There is no E in font nullfont!
Missing character: There is no X in font nullfont!

! LaTeX Error: Unicode character æ¨¡ (U+6A21)
               not set up for use with LaTeX.

See the LaTeX manual or LaTeX Companion for explanation.
Type  H <return>  for immediate help.
 ...                                              
                                                  
l.56 ...·ç§‘æŠ€å¤§å­¦ï¼Œå­¦ä½è®ºæ–‡ï¼Œ\LaTeX{}æ¨¡
                                                  æ¿}% ä¸­æ–‡å…³é”®è¯
You may provide a definition with
\DeclareUnicodeCharacter 


! LaTeX Error: Unicode character æ¿ (U+677F)
               not set up for use with LaTeX.

See the LaTeX manual or LaTeX Companion for explanation.
Type  H <return>  for immediate help.
 ...                                              
                                                  
l.56 ...‘æŠ€å¤§å­¦ï¼Œå­¦ä½è®ºæ–‡ï¼Œ\LaTeX{}æ¨¡æ¿
                                                  }% ä¸­æ–‡å…³é”®è¯
You may provide a definition with
\DeclareUnicodeCharacter 

! Undefined control sequence.
l.60 \chapter
             *{Abstract}\chaptermark{Abstract}% æ‘˜è¦æ ‡é¢˜
The control sequence at the end of the top line
of your error message was never \def'ed. If you have
misspelled it (e.g., `\hobx'), type `I' and the correct
spelling (e.g., `I\hbox'). Otherwise just continue,
and I'll forget about whatever was undefined.

Missing character: There is no * in font nullfont!
Missing character: There is no A in font nullfont!
Missing character: There is no b in font nullfont!
Missing character: There is no s in font nullfont!
Missing character: There is no t in font nullfont!
Missing character: There is no r in font nullfont!
Missing character: There is no a in font nullfont!
Missing character: There is no c in font nullfont!
Missing character: There is no t in font nullfont!
! Undefined control sequence.
l.60 \chapter*{Abstract}\chaptermark
                                    {Abstract}% æ‘˜è¦æ ‡é¢˜
The control sequence at the end of the top line
of your error message was never \def'ed. If you have
misspelled it (e.g., `\hobx'), type `I' and the correct
spelling (e.g., `I\hbox'). Otherwise just continue,
and I'll forget about whatever was undefined.

Missing character: There is no A in font nullfont!
Missing character: There is no b in font nullfont!
Missing character: There is no s in font nullfont!
Missing character: There is no t in font nullfont!
Missing character: There is no r in font nullfont!
Missing character: There is no a in font nullfont!
Missing character: There is no c in font nullfont!
Missing character: There is no t in font nullfont!

Overfull \hbox (25.90282pt too wide) in paragraph at lines 56--61
[][][] 
 []


! LaTeX Error: Missing \begin{document}.

See the LaTeX manual or LaTeX Companion for explanation.
Type  H <return>  for immediate help.
 ...                                              
                                                  
l.62 T
      his paper is a help documentation for the \LaTeX{} class ucasthesis, w...

You're in trouble here.  Try typing  <return>  to proceed.
If that doesn't work, type  X <return>  to quit.

Missing character: There is no T in font nullfont!
Missing character: There is no h in font nullfont!
Missing character: There is no i in font nullfont!
Missing character: There is no s in font nullfont!
Missing character: There is no p in font nullfont!
Missing character: There is no a in font nullfont!
Missing character: There is no p in font nullfont!
Missing character: There is no e in font nullfont!
Missing character: There is no r in font nullfont!
Missing character: There is no i in font nullfont!
Missing character: There is no s in font nullfont!
Missing character: There is no a in font nullfont!
Missing character: There is no h in font nullfont!
Missing character: There is no e in font nullfont!
Missing character: There is no l in font nullfont!
Missing character: There is no p in font nullfont!
Missing character: There is no d in font nullfont!
Missing character: There is no o in font nullfont!
Missing character: There is no c in font nullfont!
Missing character: There is no u in font nullfont!
Missing character: There is no m in font nullfont!
Missing character: There is no e in font nullfont!
Missing character: There is no n in font nullfont!
Missing character: There is no t in font nullfont!
Missing character: There is no a in font nullfont!
Missing character: There is no t in font nullfont!
Missing character: There is no i in font nullfont!
Missing character: There is no o in font nullfont!
Missing character: There is no n in font nullfont!
Missing character: There is no f in font nullfont!
Missing character: There is no o in font nullfont!
Missing character: There is no r in font nullfont!
Missing character: There is no t in font nullfont!
Missing character: There is no h in font nullfont!
Missing character: There is no e in font nullfont!
Missing character: There is no L in font nullfont!
Missing character: There is no T in font nullfont!
Missing character: There is no T in font nullfont!
Missing character: There is no E in font nullfont!
Missing character: There is no X in font nullfont!
Missing character: There is no c in font nullfont!
Missing character: There is no l in font nullfont!
Missing character: There is no a in font nullfont!
Missing character: There is no s in font nullfont!
Missing character: There is no s in font nullfont!
Missing character: There is no u in font nullfont!
Missing character: There is no c in font nullfont!
Missing character: There is no a in font nullfont!
Missing character: There is no s in font nullfont!
Missing character: There is no t in font nullfont!
Missing character: There is no h in font nullfont!
Missing character: There is no e in font nullfont!
Missing character: There is no s in font nullfont!
Missing character: There is no i in font nullfont!
Missing character: There is no s in font nullfont!
Missing character: There is no , in font nullfont!
Missing character: There is no w in font nullfont!
Missing character: There is no h in font nullfont!
Missing character: There is no i in font nullfont!
Missing character: There is no c in font nullfont!
Missing character: There is no h in font nullfont!
Missing character: There is no i in font nullfont!
Missing character: There is no s in font nullfont!
Missing character: There is no a in font nullfont!
Missing character: There is no t in font nullfont!
Missing character: There is no h in font nullfont!
Missing character: There is no e in font nullfont!
Missing character: There is no s in font nullfont!
Missing character: There is no i in font nullfont!
Missing character: There is no s in font nullfont!
Missing character: There is no t in font nullfont!
Missing character: There is no e in font nullfont!
Missing character: There is no m in font nullfont!
Missing character: There is no p in font nullfont!
Missing character: There is no l in font nullfont!
Missing character: There is no a in font nullfont!
Missing character: There is no t in font nullfont!
Missing character: There is no e in font nullfont!
Missing character: There is no f in font nullfont!
Missing character: There is no o in font nullfont!
Missing character: There is no r in font nullfont!
Missing character: There is no t in font nullfont!
Missing character: There is no h in font nullfont!
Missing character: There is no e in font nullfont!
Missing character: There is no U in font nullfont!
Missing character: There is no n in font nullfont!
Missing character: There is no i in font nullfont!
Missing character: There is no v in font nullfont!
Missing character: There is no e in font nullfont!
Missing character: There is no r in font nullfont!
Missing character: There is no s in font nullfont!
Missing character: There is no i in font nullfont!
Missing character: There is no t in font nullfont!
Missing character: There is no y in font nullfont!
Missing character: There is no o in font nullfont!
Missing character: There is no f in font nullfont!
Missing character: There is no C in font nullfont!
Missing character: There is no h in font nullfont!
Missing character: There is no i in font nullfont!
Missing character: There is no n in font nullfont!
Missing character: There is no e in font nullfont!
Missing character: There is no s in font nullfont!
Missing character: There is no e in font nullfont!
Missing character: There is no A in font nullfont!
Missing character: There is no c in font nullfont!
Missing character: There is no a in font nullfont!
Missing character: There is no d in font nullfont!
Missing character: There is no e in font nullfont!
Missing character: There is no m in font nullfont!
Missing character: There is no y in font nullfont!
Missing character: There is no o in font nullfont!
Missing character: There is no f in font nullfont!
Missing character: There is no S in font nullfont!
Missing character: There is no c in font nullfont!
Missing character: There is no i in font nullfont!
Missing character: There is no e in font nullfont!
Missing character: There is no n in font nullfont!
Missing character: There is no c in font nullfont!
Missing character: There is no e in font nullfont!
Missing character: There is no s in font nullfont!
Missing character: There is no . in font nullfont!
Missing character: There is no T in font nullfont!
Missing character: There is no h in font nullfont!
Missing character: There is no e in font nullfont!
Missing character: There is no m in font nullfont!
Missing character: There is no a in font nullfont!
Missing character: There is no i in font nullfont!
Missing character: There is no n in font nullfont!
Missing character: There is no c in font nullfont!
Missing character: There is no o in font nullfont!
Missing character: There is no n in font nullfont!
Missing character: There is no t in font nullfont!
Missing character: There is no e in font nullfont!
Missing character: There is no n in font nullfont!
Missing character: There is no t in font nullfont!
Missing character: There is no i in font nullfont!
Missing character: There is no s in font nullfont!
Missing character: There is no a in font nullfont!
Missing character: There is no b in font nullfont!
Missing character: There is no o in font nullfont!
Missing character: There is no u in font nullfont!
Missing character: There is no t in font nullfont!
Missing character: There is no h in font nullfont!
Missing character: There is no o in font nullfont!
Missing character: There is no w in font nullfont!
Missing character: There is no t in font nullfont!
Missing character: There is no o in font nullfont!
Missing character: There is no u in font nullfont!
Missing character: There is no s in font nullfont!
Missing character: There is no e in font nullfont!
Missing character: There is no t in font nullfont!
Missing character: There is no h in font nullfont!
Missing character: There is no e in font nullfont!
Missing character: There is no u in font nullfont!
Missing character: There is no c in font nullfont!
Missing character: There is no a in font nullfont!
Missing character: There is no s in font nullfont!
Missing character: There is no t in font nullfont!
Missing character: There is no h in font nullfont!
Missing character: There is no e in font nullfont!
Missing character: There is no s in font nullfont!
Missing character: There is no i in font nullfont!
Missing character: There is no s in font nullfont!
Missing character: There is no , in font nullfont!
Missing character: There is no a in font nullfont!
Missing character: There is no s in font nullfont!
Missing character: There is no w in font nullfont!
Missing character: There is no e in font nullfont!
Missing character: There is no l in font nullfont!
Missing character: There is no l in font nullfont!
Missing character: There is no a in font nullfont!
Missing character: There is no s in font nullfont!
Missing character: There is no h in font nullfont!
Missing character: There is no o in font nullfont!
Missing character: There is no w in font nullfont!
Missing character: There is no t in font nullfont!
Missing character: There is no o in font nullfont!
Missing character: There is no w in font nullfont!
Missing character: There is no r in font nullfont!
Missing character: There is no i in font nullfont!
Missing character: There is no t in font nullfont!
Missing character: There is no e in font nullfont!
Missing character: There is no t in font nullfont!
Missing character: There is no h in font nullfont!
Missing character: There is no e in font nullfont!
Missing character: There is no s in font nullfont!
Missing character: There is no i in font nullfont!
Missing character: There is no s in font nullfont!
Missing character: There is no e in font nullfont!
Missing character: There is no f in font nullfont!
Missing character: There is no f in font nullfont!
Missing character: There is no i in font nullfont!
Missing character: There is no c in font nullfont!
Missing character: There is no i in font nullfont!
Missing character: There is no e in font nullfont!
Missing character: There is no n in font nullfont!
Missing character: There is no t in font nullfont!
Missing character: There is no l in font nullfont!
Missing character: There is no y in font nullfont!
Missing character: There is no b in font nullfont!
Missing character: There is no y in font nullfont!
Missing character: There is no u in font nullfont!
Missing character: There is no s in font nullfont!
Missing character: There is no i in font nullfont!
Missing character: There is no n in font nullfont!
Missing character: There is no g in font nullfont!
Missing character: There is no L in font nullfont!
Missing character: There is no T in font nullfont!
Missing character: There is no T in font nullfont!
Missing character: There is no E in font nullfont!
Missing character: There is no X in font nullfont!
Missing character: There is no . in font nullfont!

Overfull \hbox (20.0pt too wide) in paragraph at lines 62--63
[]
 []


Overfull \hbox (5.90282pt too wide) in paragraph at lines 62--63
[][]
 []


Overfull \hbox (5.90282pt too wide) in paragraph at lines 62--63
[][] 
 []

! Undefined control sequence.
l.64 \englishkeywords
                     {ShanghaiTech University, Thesis, \LaTeX{} Template}% è...
The control sequence at the end of the top line
of your error message was never \def'ed. If you have
misspelled it (e.g., `\hobx'), type `I' and the correct
spelling (e.g., `I\hbox'). Otherwise just continue,
and I'll forget about whatever was undefined.


! LaTeX Error: Missing \begin{document}.

See the LaTeX manual or LaTeX Companion for explanation.
Type  H <return>  for immediate help.
 ...                                              
                                                  
l.64 \englishkeywords{S
                       hanghaiTech University, Thesis, \LaTeX{} Template}% è...

You're in trouble here.  Try typing  <return>  to proceed.
If that doesn't work, type  X <return>  to quit.

Missing character: There is no S in font nullfont!
Missing character: There is no h in font nullfont!
Missing character: There is no a in font nullfont!
Missing character: There is no n in font nullfont!
Missing character: There is no g in font nullfont!
Missing character: There is no h in font nullfont!
Missing character: There is no a in font nullfont!
Missing character: There is no i in font nullfont!
Missing character: There is no T in font nullfont!
Missing character: There is no e in font nullfont!
Missing character: There is no c in font nullfont!
Missing character: There is no h in font nullfont!
Missing character: There is no U in font nullfont!
Missing character: There is no n in font nullfont!
Missing character: There is no i in font nullfont!
Missing character: There is no v in font nullfont!
Missing character: There is no e in font nullfont!
Missing character: There is no r in font nullfont!
Missing character: There is no s in font nullfont!
Missing character: There is no i in font nullfont!
Missing character: There is no t in font nullfont!
Missing character: There is no y in font nullfont!
Missing character: There is no , in font nullfont!
Missing character: There is no T in font nullfont!
Missing character: There is no h in font nullfont!
Missing character: There is no e in font nullfont!
Missing character: There is no s in font nullfont!
Missing character: There is no i in font nullfont!
Missing character: There is no s in font nullfont!
Missing character: There is no , in font nullfont!
Missing character: There is no L in font nullfont!
Missing character: There is no T in font nullfont!
Missing character: There is no T in font nullfont!
Missing character: There is no E in font nullfont!
Missing character: There is no X in font nullfont!
Missing character: There is no T in font nullfont!
Missing character: There is no e in font nullfont!
Missing character: There is no m in font nullfont!
Missing character: There is no p in font nullfont!
Missing character: There is no l in font nullfont!
Missing character: There is no a in font nullfont!
Missing character: There is no t in font nullfont!
Missing character: There is no e in font nullfont!
)
! Emergency stop.
<*> Frontpages.tex
                  
*** (job aborted, no legal \end found)

 
Here is how much of TeX's memory you used:
 80 strings out of 478269
 793 string characters out of 5846373
 289375 words of memory out of 5000000
 18389 multiletter control sequences out of 15000+600000
 469259 words of font info for 28 fonts, out of 8000000 for 9000
 1141 hyphenation exceptions out of 8191
 17i,3n,12p,317b,66s stack positions out of 10000i,1000n,20000p,200000b,200000s
No pages of output.
